{"level":"info","message":"Post Service running on port 3002","service":"post-service","timestamp":"2025-10-11T06:51:28.599Z"}
{"level":"info","message":"Post Service running on port 3002","service":"post-service","timestamp":"2025-10-11T06:52:08.048Z"}
{"level":"info","message":"MongoDB connected successfully","service":"post-service","timestamp":"2025-10-11T06:52:08.573Z"}
{"level":"info","message":"Post Service running on port 3002","service":"post-service","timestamp":"2025-10-11T06:52:45.639Z"}
{"level":"info","message":"MongoDB connected successfully","service":"post-service","timestamp":"2025-10-11T06:52:46.115Z"}
{"level":"info","message":"Post Service running on port 3002","service":"post-service","timestamp":"2025-10-11T06:58:00.808Z"}
{"level":"info","message":"MongoDB connected successfully","service":"post-service","timestamp":"2025-10-11T06:58:01.327Z"}
{"level":"info","message":"Post Service running on port 3002","service":"post-service","timestamp":"2025-10-11T06:58:45.653Z"}
{"level":"info","message":"MongoDB connected successfully","service":"post-service","timestamp":"2025-10-11T06:58:46.101Z"}
{"level":"info","message":"Post Service running on port 3002","service":"post-service","timestamp":"2025-10-11T06:59:04.341Z"}
{"level":"info","message":"MongoDB connected successfully","service":"post-service","timestamp":"2025-10-11T06:59:04.856Z"}
{"level":"info","message":"Post Service running on port 3002","service":"post-service","timestamp":"2025-10-11T06:59:38.604Z"}
{"level":"info","message":"MongoDB connected successfully","service":"post-service","timestamp":"2025-10-11T06:59:39.070Z"}
{"level":"info","message":"Post Service running on port 3002","service":"post-service","timestamp":"2025-10-11T07:00:16.385Z"}
{"level":"info","message":"MongoDB connected successfully","service":"post-service","timestamp":"2025-10-11T07:00:22.086Z"}
{"level":"info","message":"Post Service running on port 3002","service":"post-service","timestamp":"2025-10-11T07:00:41.500Z"}
{"level":"info","message":"MongoDB connected successfully","service":"post-service","timestamp":"2025-10-11T07:00:41.970Z"}
{"level":"info","message":"Post Service running on port 3002","service":"post-service","timestamp":"2025-10-11T07:03:14.188Z"}
{"level":"info","message":"MongoDB connected successfully","service":"post-service","timestamp":"2025-10-11T07:03:14.663Z"}
{"level":"info","message":"Post Service running on port 3002","service":"post-service","timestamp":"2025-10-11T07:03:56.343Z"}
{"level":"info","message":"MongoDB connected successfully","service":"post-service","timestamp":"2025-10-11T07:03:56.800Z"}
{"level":"info","message":"Post Service running on port 3002","service":"post-service","timestamp":"2025-10-11T07:04:01.311Z"}
{"level":"info","message":"MongoDB connected successfully","service":"post-service","timestamp":"2025-10-11T07:04:01.795Z"}
{"level":"info","message":"Post Service running on port 3002","service":"post-service","timestamp":"2025-10-11T07:04:35.863Z"}
{"level":"info","message":"MongoDB connected successfully","service":"post-service","timestamp":"2025-10-11T07:04:36.420Z"}
{"level":"info","message":"Post Service running on port 3002","service":"post-service","timestamp":"2025-10-11T07:05:10.287Z"}
{"level":"info","message":"MongoDB connected successfully","service":"post-service","timestamp":"2025-10-11T07:05:10.784Z"}
{"level":"info","message":"Post Service running on port 3002","service":"post-service","timestamp":"2025-10-11T07:06:20.512Z"}
{"level":"info","message":"MongoDB connected successfully","service":"post-service","timestamp":"2025-10-11T07:06:21.022Z"}
{"level":"info","message":"Post Service running on port 3002","service":"post-service","timestamp":"2025-10-11T07:12:50.396Z"}
{"level":"info","message":"MongoDB connected successfully","service":"post-service","timestamp":"2025-10-11T07:12:50.923Z"}
{"level":"info","message":"Post Service running on port 3002","service":"post-service","timestamp":"2025-10-11T07:15:49.016Z"}
{"level":"info","message":"MongoDB connected successfully","service":"post-service","timestamp":"2025-10-11T07:15:49.607Z"}
{"level":"info","message":"Post Service running on port 3002","service":"post-service","timestamp":"2025-10-11T07:16:38.180Z"}
{"level":"info","message":"MongoDB connected successfully","service":"post-service","timestamp":"2025-10-11T07:16:38.697Z"}
{"level":"info","message":"Post Service running on port 3002","service":"post-service","timestamp":"2025-10-11T07:17:14.650Z"}
{"level":"info","message":"MongoDB connected successfully","service":"post-service","timestamp":"2025-10-11T07:17:15.153Z"}
{"level":"info","message":"Post Service running on port 3002","service":"post-service","timestamp":"2025-10-11T07:17:56.132Z"}
{"level":"info","message":"MongoDB connected successfully","service":"post-service","timestamp":"2025-10-11T07:17:56.598Z"}
{"level":"info","message":"Post Service running on port 3002","service":"post-service","timestamp":"2025-10-11T07:17:57.449Z"}
{"level":"info","message":"MongoDB connected successfully","service":"post-service","timestamp":"2025-10-11T07:17:57.920Z"}
{"level":"info","message":"Post Service running on port 3002","service":"post-service","timestamp":"2025-10-11T07:18:38.452Z"}
{"level":"info","message":"MongoDB connected successfully","service":"post-service","timestamp":"2025-10-11T07:18:38.959Z"}
{"level":"info","message":"Post Service running on port 3002","service":"post-service","timestamp":"2025-10-11T07:19:15.568Z"}
{"level":"info","message":"MongoDB connected successfully","service":"post-service","timestamp":"2025-10-11T07:19:17.076Z"}
{"level":"info","message":"Post Service running on port 3002","service":"post-service","timestamp":"2025-10-11T07:26:02.871Z"}
{"level":"info","message":"MongoDB connected successfully","service":"post-service","timestamp":"2025-10-11T07:26:03.381Z"}
{"level":"info","message":"Post Service running on port 3002","service":"post-service","timestamp":"2025-10-11T07:26:21.055Z"}
{"level":"info","message":"MongoDB connected successfully","service":"post-service","timestamp":"2025-10-11T07:26:21.550Z"}
{"level":"info","message":"Post Service running on port 3002","service":"post-service","timestamp":"2025-10-11T07:26:43.641Z"}
{"level":"info","message":"MongoDB connected successfully","service":"post-service","timestamp":"2025-10-11T07:26:44.093Z"}
{"level":"info","message":"Post Service running on port 3002","service":"post-service","timestamp":"2025-10-11T07:27:26.665Z"}
{"level":"info","message":"MongoDB connected successfully","service":"post-service","timestamp":"2025-10-11T07:27:27.178Z"}
{"level":"info","message":"Post Service running on port 3002","service":"post-service","timestamp":"2025-10-11T07:27:40.832Z"}
{"level":"info","message":"MongoDB connected successfully","service":"post-service","timestamp":"2025-10-11T07:27:41.325Z"}
{"level":"info","message":"Post Service running on port 3002","service":"post-service","timestamp":"2025-10-11T07:30:16.995Z"}
{"level":"info","message":"MongoDB connected successfully","service":"post-service","timestamp":"2025-10-11T07:30:17.483Z"}
{"level":"info","message":"Post Service running on port 3002","service":"post-service","timestamp":"2025-10-11T07:30:34.228Z"}
{"level":"info","message":"MongoDB connected successfully","service":"post-service","timestamp":"2025-10-11T07:30:34.759Z"}
{"level":"info","message":"Post Service running on port 3002","service":"post-service","timestamp":"2025-10-11T07:31:41.835Z"}
{"level":"info","message":"MongoDB connected successfully","service":"post-service","timestamp":"2025-10-11T07:31:42.375Z"}
{"level":"info","message":"Post Service running on port 3002","service":"post-service","timestamp":"2025-10-11T07:32:15.389Z"}
{"level":"info","message":"MongoDB connected successfully","service":"post-service","timestamp":"2025-10-11T07:32:15.877Z"}
{"level":"info","message":"Post Service running on port 3002","service":"post-service","timestamp":"2025-10-11T07:36:13.016Z"}
{"level":"info","message":"MongoDB connected successfully","service":"post-service","timestamp":"2025-10-11T07:36:13.506Z"}
{"level":"info","message":"Post Service running on port 3002","service":"post-service","timestamp":"2025-10-11T07:36:40.147Z"}
{"level":"info","message":"MongoDB connected successfully","service":"post-service","timestamp":"2025-10-11T07:36:40.641Z"}
{"level":"info","message":"Post Service running on port 3002","service":"post-service","timestamp":"2025-10-11T07:39:34.512Z"}
{"level":"info","message":"MongoDB connected successfully","service":"post-service","timestamp":"2025-10-11T07:39:35.016Z"}
{"level":"info","message":"Post Service running on port 3002","service":"post-service","timestamp":"2025-10-11T07:40:17.772Z"}
{"level":"info","message":"MongoDB connected successfully","service":"post-service","timestamp":"2025-10-11T07:40:18.245Z"}
{"level":"info","message":"Post Service running on port 3002","service":"post-service","timestamp":"2025-10-11T07:40:20.292Z"}
{"level":"info","message":"MongoDB connected successfully","service":"post-service","timestamp":"2025-10-11T07:40:20.790Z"}
{"level":"info","message":"Post Service running on port 3002","service":"post-service","timestamp":"2025-10-11T07:40:54.438Z"}
{"level":"info","message":"MongoDB connected successfully","service":"post-service","timestamp":"2025-10-11T07:40:54.909Z"}
{"level":"info","message":"Post Service running on port 3002","service":"post-service","timestamp":"2025-10-11T07:41:18.183Z"}
{"level":"info","message":"MongoDB connected successfully","service":"post-service","timestamp":"2025-10-11T07:41:18.674Z"}
{"level":"info","message":"Post Service running on port 3002","service":"post-service","timestamp":"2025-10-11T07:41:33.894Z"}
{"level":"info","message":"MongoDB connected successfully","service":"post-service","timestamp":"2025-10-11T07:41:34.390Z"}
{"level":"info","message":"Post Service running on port 3002","service":"post-service","timestamp":"2025-10-11T07:41:35.725Z"}
{"level":"info","message":"MongoDB connected successfully","service":"post-service","timestamp":"2025-10-11T07:41:36.211Z"}
{"level":"info","message":"Post Service running on port 3002","service":"post-service","timestamp":"2025-10-11T07:45:51.077Z"}
{"level":"info","message":"MongoDB connected successfully","service":"post-service","timestamp":"2025-10-11T07:45:51.586Z"}
{"level":"info","message":"Post Service running on port 3002","service":"post-service","timestamp":"2025-10-11T07:46:08.381Z"}
{"level":"info","message":"MongoDB connected successfully","service":"post-service","timestamp":"2025-10-11T07:46:08.875Z"}
{"level":"info","message":"Post Service running on port 3002","service":"post-service","timestamp":"2025-10-11T07:48:19.307Z"}
{"level":"info","message":"MongoDB connected successfully","service":"post-service","timestamp":"2025-10-11T07:48:19.760Z"}
{"level":"info","message":"Post Service running on port 3002","service":"post-service","timestamp":"2025-10-11T07:48:27.932Z"}
{"level":"info","message":"MongoDB connected successfully","service":"post-service","timestamp":"2025-10-11T07:48:28.401Z"}
{"level":"info","message":"Post Service running on port 3002","service":"post-service","timestamp":"2025-10-11T07:49:42.464Z"}
{"code":"ESERVFAIL","hostname":"_mongodb._tcp.cluster0.ksjjkx8.mongodb.net","level":"error","message":"MONGODB_CONNECTION_ERROR:  querySrv ESERVFAIL _mongodb._tcp.cluster0.ksjjkx8.mongodb.net","service":"post-service","stack":"Error: querySrv ESERVFAIL _mongodb._tcp.cluster0.ksjjkx8.mongodb.net\n    at QueryReqWrap.onresolve [as oncomplete] (node:internal/dns/promises:294:17)","syscall":"querySrv","timestamp":"2025-10-11T07:49:42.947Z"}
{"level":"info","message":"Post Service running on port 3002","service":"post-service","timestamp":"2025-10-11T07:50:07.225Z"}
{"level":"info","message":"Post Service running on port 3002","service":"post-service","timestamp":"2025-10-11T07:50:11.582Z"}
{"code":"ESERVFAIL","hostname":"_mongodb._tcp.cluster0.ksjjkx8.mongodb.net","level":"error","message":"MONGODB_CONNECTION_ERROR:  querySrv ESERVFAIL _mongodb._tcp.cluster0.ksjjkx8.mongodb.net","service":"post-service","stack":"Error: querySrv ESERVFAIL _mongodb._tcp.cluster0.ksjjkx8.mongodb.net\n    at QueryReqWrap.onresolve [as oncomplete] (node:internal/dns/promises:294:17)","syscall":"querySrv","timestamp":"2025-10-11T07:50:13.094Z"}
{"level":"info","message":"Post Service running on port 3002","service":"post-service","timestamp":"2025-10-11T07:50:16.314Z"}
{"level":"info","message":"Post Service running on port 3002","service":"post-service","timestamp":"2025-10-11T07:50:21.895Z"}
{"code":"ESERVFAIL","hostname":"_mongodb._tcp.cluster0.ksjjkx8.mongodb.net","level":"error","message":"MONGODB_CONNECTION_ERROR:  querySrv ESERVFAIL _mongodb._tcp.cluster0.ksjjkx8.mongodb.net","service":"post-service","stack":"Error: querySrv ESERVFAIL _mongodb._tcp.cluster0.ksjjkx8.mongodb.net\n    at QueryReqWrap.onresolve [as oncomplete] (node:internal/dns/promises:294:17)","syscall":"querySrv","timestamp":"2025-10-11T07:50:22.167Z"}
{"level":"info","message":"Post Service running on port 3002","service":"post-service","timestamp":"2025-10-11T07:51:01.576Z"}
{"level":"info","message":"Post Service running on port 3002","service":"post-service","timestamp":"2025-10-11T07:51:05.779Z"}
{"level":"info","message":"MongoDB connected successfully","service":"post-service","timestamp":"2025-10-11T07:51:07.107Z"}
{"level":"info","message":"Post Service running on port 3002","service":"post-service","timestamp":"2025-10-11T07:51:07.887Z"}
{"level":"info","message":"MongoDB connected successfully","service":"post-service","timestamp":"2025-10-11T07:51:08.369Z"}
{"level":"info","message":"Post Service running on port 3002","service":"post-service","timestamp":"2025-10-11T07:51:46.883Z"}
{"level":"info","message":"MongoDB connected successfully","service":"post-service","timestamp":"2025-10-11T07:51:47.348Z"}
{"level":"info","message":"Post Service running on port 3002","service":"post-service","timestamp":"2025-10-11T07:52:45.152Z"}
{"level":"info","message":"MongoDB connected successfully","service":"post-service","timestamp":"2025-10-11T07:52:45.633Z"}
{"level":"info","message":"Post Service running on port 3002","service":"post-service","timestamp":"2025-10-11T07:54:07.291Z"}
{"level":"info","message":"MongoDB connected successfully","service":"post-service","timestamp":"2025-10-11T07:54:07.771Z"}
{"level":"info","message":"Post Service running on port 3002","service":"post-service","timestamp":"2025-10-11T11:21:42.786Z"}
{"cause":{"commonWireVersion":0,"compatible":true,"heartbeatFrequencyMS":10000,"localThresholdMS":15,"logicalSessionTimeoutMinutes":null,"maxElectionId":null,"maxSetVersion":null,"servers":{"ac-z3ybi9p-shard-00-00.ksjjkx8.mongodb.net:27017":{"$clusterTime":null,"address":"ac-z3ybi9p-shard-00-00.ksjjkx8.mongodb.net:27017","arbiters":[],"electionId":null,"error":{"beforeHandshake":false,"errorLabelSet":{}},"hosts":[],"iscryptd":false,"lastUpdateTime":19345035,"lastWriteDate":0,"logicalSessionTimeoutMinutes":null,"maxBsonObjectSize":null,"maxMessageSizeBytes":null,"maxWireVersion":0,"maxWriteBatchSize":null,"me":null,"minRoundTripTime":0,"minWireVersion":0,"passives":[],"primary":null,"roundTripTime":-1,"setName":null,"setVersion":null,"tags":{},"topologyVersion":null,"type":"Unknown"},"ac-z3ybi9p-shard-00-01.ksjjkx8.mongodb.net:27017":{"$clusterTime":null,"address":"ac-z3ybi9p-shard-00-01.ksjjkx8.mongodb.net:27017","arbiters":[],"electionId":null,"error":{"beforeHandshake":false,"errorLabelSet":{}},"hosts":[],"iscryptd":false,"lastUpdateTime":19344993,"lastWriteDate":0,"logicalSessionTimeoutMinutes":null,"maxBsonObjectSize":null,"maxMessageSizeBytes":null,"maxWireVersion":0,"maxWriteBatchSize":null,"me":null,"minRoundTripTime":0,"minWireVersion":0,"passives":[],"primary":null,"roundTripTime":-1,"setName":null,"setVersion":null,"tags":{},"topologyVersion":null,"type":"Unknown"},"ac-z3ybi9p-shard-00-02.ksjjkx8.mongodb.net:27017":{"$clusterTime":null,"address":"ac-z3ybi9p-shard-00-02.ksjjkx8.mongodb.net:27017","arbiters":[],"electionId":null,"error":{"beforeHandshake":false,"errorLabelSet":{}},"hosts":[],"iscryptd":false,"lastUpdateTime":19345185,"lastWriteDate":0,"logicalSessionTimeoutMinutes":null,"maxBsonObjectSize":null,"maxMessageSizeBytes":null,"maxWireVersion":0,"maxWriteBatchSize":null,"me":null,"minRoundTripTime":0,"minWireVersion":0,"passives":[],"primary":null,"roundTripTime":-1,"setName":null,"setVersion":null,"tags":{},"topologyVersion":null,"type":"Unknown"}},"setName":"atlas-srnijx-shard-0","stale":false,"type":"ReplicaSetNoPrimary"},"errorLabelSet":{},"level":"error","message":"Could not connect to any servers in your MongoDB Atlas cluster. One common reason is that you're trying to access the database from an IP that isn't whitelisted. Make sure your current IP address is on your Atlas cluster's IP whitelist: https://www.mongodb.com/docs/atlas/security-whitelist/","reason":{"commonWireVersion":0,"compatible":true,"heartbeatFrequencyMS":10000,"localThresholdMS":15,"logicalSessionTimeoutMinutes":null,"maxElectionId":null,"maxSetVersion":null,"servers":{"ac-z3ybi9p-shard-00-00.ksjjkx8.mongodb.net:27017":{"$clusterTime":null,"address":"ac-z3ybi9p-shard-00-00.ksjjkx8.mongodb.net:27017","arbiters":[],"electionId":null,"error":{"beforeHandshake":false,"errorLabelSet":{}},"hosts":[],"iscryptd":false,"lastUpdateTime":19345035,"lastWriteDate":0,"logicalSessionTimeoutMinutes":null,"maxBsonObjectSize":null,"maxMessageSizeBytes":null,"maxWireVersion":0,"maxWriteBatchSize":null,"me":null,"minRoundTripTime":0,"minWireVersion":0,"passives":[],"primary":null,"roundTripTime":-1,"setName":null,"setVersion":null,"tags":{},"topologyVersion":null,"type":"Unknown"},"ac-z3ybi9p-shard-00-01.ksjjkx8.mongodb.net:27017":{"$clusterTime":null,"address":"ac-z3ybi9p-shard-00-01.ksjjkx8.mongodb.net:27017","arbiters":[],"electionId":null,"error":{"beforeHandshake":false,"errorLabelSet":{}},"hosts":[],"iscryptd":false,"lastUpdateTime":19344993,"lastWriteDate":0,"logicalSessionTimeoutMinutes":null,"maxBsonObjectSize":null,"maxMessageSizeBytes":null,"maxWireVersion":0,"maxWriteBatchSize":null,"me":null,"minRoundTripTime":0,"minWireVersion":0,"passives":[],"primary":null,"roundTripTime":-1,"setName":null,"setVersion":null,"tags":{},"topologyVersion":null,"type":"Unknown"},"ac-z3ybi9p-shard-00-02.ksjjkx8.mongodb.net:27017":{"$clusterTime":null,"address":"ac-z3ybi9p-shard-00-02.ksjjkx8.mongodb.net:27017","arbiters":[],"electionId":null,"error":{"beforeHandshake":false,"errorLabelSet":{}},"hosts":[],"iscryptd":false,"lastUpdateTime":19345185,"lastWriteDate":0,"logicalSessionTimeoutMinutes":null,"maxBsonObjectSize":null,"maxMessageSizeBytes":null,"maxWireVersion":0,"maxWriteBatchSize":null,"me":null,"minRoundTripTime":0,"minWireVersion":0,"passives":[],"primary":null,"roundTripTime":-1,"setName":null,"setVersion":null,"tags":{},"topologyVersion":null,"type":"Unknown"}},"setName":"atlas-srnijx-shard-0","stale":false,"type":"ReplicaSetNoPrimary"},"service":"post-service","stack":"MongooseServerSelectionError: Could not connect to any servers in your MongoDB Atlas cluster. One common reason is that you're trying to access the database from an IP that isn't whitelisted. Make sure your current IP address is on your Atlas cluster's IP whitelist: https://www.mongodb.com/docs/atlas/security-whitelist/\n    at _handleConnectionErrors (/home/ritochit-ghosh/rito_/Learn/nodejs/level-two/04_microservice_project/post-service/node_modules/mongoose/lib/connection.js:1165:11)\n    at NativeConnection.openUri (/home/ritochit-ghosh/rito_/Learn/nodejs/level-two/04_microservice_project/post-service/node_modules/mongoose/lib/connection.js:1096:11)\n    at async connectDB (/home/ritochit-ghosh/rito_/Learn/nodejs/level-two/04_microservice_project/post-service/src/database/db.js:7:9)","timestamp":"2025-10-11T11:22:12.810Z"}
{"level":"info","message":"Post Service running on port 3002","service":"post-service","timestamp":"2025-10-11T11:22:43.142Z"}
{"level":"info","message":"Post Service running on port 3002","service":"post-service","timestamp":"2025-10-11T11:22:47.856Z"}
{"cause":{"commonWireVersion":0,"compatible":true,"heartbeatFrequencyMS":10000,"localThresholdMS":15,"logicalSessionTimeoutMinutes":null,"maxElectionId":null,"maxSetVersion":null,"servers":{"ac-z3ybi9p-shard-00-00.ksjjkx8.mongodb.net:27017":{"$clusterTime":null,"address":"ac-z3ybi9p-shard-00-00.ksjjkx8.mongodb.net:27017","arbiters":[],"electionId":null,"error":{"beforeHandshake":false,"errorLabelSet":{}},"hosts":[],"iscryptd":false,"lastUpdateTime":19410667,"lastWriteDate":0,"logicalSessionTimeoutMinutes":null,"maxBsonObjectSize":null,"maxMessageSizeBytes":null,"maxWireVersion":0,"maxWriteBatchSize":null,"me":null,"minRoundTripTime":0,"minWireVersion":0,"passives":[],"primary":null,"roundTripTime":-1,"setName":null,"setVersion":null,"tags":{},"topologyVersion":null,"type":"Unknown"},"ac-z3ybi9p-shard-00-01.ksjjkx8.mongodb.net:27017":{"$clusterTime":null,"address":"ac-z3ybi9p-shard-00-01.ksjjkx8.mongodb.net:27017","arbiters":[],"electionId":null,"error":{"beforeHandshake":false,"errorLabelSet":{}},"hosts":[],"iscryptd":false,"lastUpdateTime":19410965,"lastWriteDate":0,"logicalSessionTimeoutMinutes":null,"maxBsonObjectSize":null,"maxMessageSizeBytes":null,"maxWireVersion":0,"maxWriteBatchSize":null,"me":null,"minRoundTripTime":0,"minWireVersion":0,"passives":[],"primary":null,"roundTripTime":-1,"setName":null,"setVersion":null,"tags":{},"topologyVersion":null,"type":"Unknown"},"ac-z3ybi9p-shard-00-02.ksjjkx8.mongodb.net:27017":{"$clusterTime":null,"address":"ac-z3ybi9p-shard-00-02.ksjjkx8.mongodb.net:27017","arbiters":[],"electionId":null,"error":{"beforeHandshake":false,"errorLabelSet":{}},"hosts":[],"iscryptd":false,"lastUpdateTime":19410767,"lastWriteDate":0,"logicalSessionTimeoutMinutes":null,"maxBsonObjectSize":null,"maxMessageSizeBytes":null,"maxWireVersion":0,"maxWriteBatchSize":null,"me":null,"minRoundTripTime":0,"minWireVersion":0,"passives":[],"primary":null,"roundTripTime":-1,"setName":null,"setVersion":null,"tags":{},"topologyVersion":null,"type":"Unknown"}},"setName":"atlas-srnijx-shard-0","stale":false,"type":"ReplicaSetNoPrimary"},"errorLabelSet":{},"level":"error","message":"Could not connect to any servers in your MongoDB Atlas cluster. One common reason is that you're trying to access the database from an IP that isn't whitelisted. Make sure your current IP address is on your Atlas cluster's IP whitelist: https://www.mongodb.com/docs/atlas/security-whitelist/","reason":{"commonWireVersion":0,"compatible":true,"heartbeatFrequencyMS":10000,"localThresholdMS":15,"logicalSessionTimeoutMinutes":null,"maxElectionId":null,"maxSetVersion":null,"servers":{"ac-z3ybi9p-shard-00-00.ksjjkx8.mongodb.net:27017":{"$clusterTime":null,"address":"ac-z3ybi9p-shard-00-00.ksjjkx8.mongodb.net:27017","arbiters":[],"electionId":null,"error":{"beforeHandshake":false,"errorLabelSet":{}},"hosts":[],"iscryptd":false,"lastUpdateTime":19410667,"lastWriteDate":0,"logicalSessionTimeoutMinutes":null,"maxBsonObjectSize":null,"maxMessageSizeBytes":null,"maxWireVersion":0,"maxWriteBatchSize":null,"me":null,"minRoundTripTime":0,"minWireVersion":0,"passives":[],"primary":null,"roundTripTime":-1,"setName":null,"setVersion":null,"tags":{},"topologyVersion":null,"type":"Unknown"},"ac-z3ybi9p-shard-00-01.ksjjkx8.mongodb.net:27017":{"$clusterTime":null,"address":"ac-z3ybi9p-shard-00-01.ksjjkx8.mongodb.net:27017","arbiters":[],"electionId":null,"error":{"beforeHandshake":false,"errorLabelSet":{}},"hosts":[],"iscryptd":false,"lastUpdateTime":19410965,"lastWriteDate":0,"logicalSessionTimeoutMinutes":null,"maxBsonObjectSize":null,"maxMessageSizeBytes":null,"maxWireVersion":0,"maxWriteBatchSize":null,"me":null,"minRoundTripTime":0,"minWireVersion":0,"passives":[],"primary":null,"roundTripTime":-1,"setName":null,"setVersion":null,"tags":{},"topologyVersion":null,"type":"Unknown"},"ac-z3ybi9p-shard-00-02.ksjjkx8.mongodb.net:27017":{"$clusterTime":null,"address":"ac-z3ybi9p-shard-00-02.ksjjkx8.mongodb.net:27017","arbiters":[],"electionId":null,"error":{"beforeHandshake":false,"errorLabelSet":{}},"hosts":[],"iscryptd":false,"lastUpdateTime":19410767,"lastWriteDate":0,"logicalSessionTimeoutMinutes":null,"maxBsonObjectSize":null,"maxMessageSizeBytes":null,"maxWireVersion":0,"maxWriteBatchSize":null,"me":null,"minRoundTripTime":0,"minWireVersion":0,"passives":[],"primary":null,"roundTripTime":-1,"setName":null,"setVersion":null,"tags":{},"topologyVersion":null,"type":"Unknown"}},"setName":"atlas-srnijx-shard-0","stale":false,"type":"ReplicaSetNoPrimary"},"service":"post-service","stack":"MongooseServerSelectionError: Could not connect to any servers in your MongoDB Atlas cluster. One common reason is that you're trying to access the database from an IP that isn't whitelisted. Make sure your current IP address is on your Atlas cluster's IP whitelist: https://www.mongodb.com/docs/atlas/security-whitelist/\n    at _handleConnectionErrors (/home/ritochit-ghosh/rito_/Learn/nodejs/level-two/04_microservice_project/post-service/node_modules/mongoose/lib/connection.js:1165:11)\n    at NativeConnection.openUri (/home/ritochit-ghosh/rito_/Learn/nodejs/level-two/04_microservice_project/post-service/node_modules/mongoose/lib/connection.js:1096:11)\n    at async connectDB (/home/ritochit-ghosh/rito_/Learn/nodejs/level-two/04_microservice_project/post-service/src/database/db.js:7:9)","timestamp":"2025-10-11T11:23:18.413Z"}
{"level":"info","message":"Post Service running on port 3002","service":"post-service","timestamp":"2025-10-11T11:23:23.093Z"}
{"level":"info","message":"Post Service running on port 3002","service":"post-service","timestamp":"2025-10-11T11:23:28.202Z"}
{"level":"info","message":"Post Service running on port 3002","service":"post-service","timestamp":"2025-10-11T11:23:31.077Z"}
{"cause":{"commonWireVersion":0,"compatible":true,"heartbeatFrequencyMS":10000,"localThresholdMS":15,"logicalSessionTimeoutMinutes":null,"maxElectionId":null,"maxSetVersion":null,"servers":{"ac-z3ybi9p-shard-00-00.ksjjkx8.mongodb.net:27017":{"$clusterTime":null,"address":"ac-z3ybi9p-shard-00-00.ksjjkx8.mongodb.net:27017","arbiters":[],"electionId":null,"error":{"beforeHandshake":false,"errorLabelSet":{}},"hosts":[],"iscryptd":false,"lastUpdateTime":19453329,"lastWriteDate":0,"logicalSessionTimeoutMinutes":null,"maxBsonObjectSize":null,"maxMessageSizeBytes":null,"maxWireVersion":0,"maxWriteBatchSize":null,"me":null,"minRoundTripTime":0,"minWireVersion":0,"passives":[],"primary":null,"roundTripTime":-1,"setName":null,"setVersion":null,"tags":{},"topologyVersion":null,"type":"Unknown"},"ac-z3ybi9p-shard-00-01.ksjjkx8.mongodb.net:27017":{"$clusterTime":null,"address":"ac-z3ybi9p-shard-00-01.ksjjkx8.mongodb.net:27017","arbiters":[],"electionId":null,"error":{"beforeHandshake":false,"errorLabelSet":{}},"hosts":[],"iscryptd":false,"lastUpdateTime":19453203,"lastWriteDate":0,"logicalSessionTimeoutMinutes":null,"maxBsonObjectSize":null,"maxMessageSizeBytes":null,"maxWireVersion":0,"maxWriteBatchSize":null,"me":null,"minRoundTripTime":0,"minWireVersion":0,"passives":[],"primary":null,"roundTripTime":-1,"setName":null,"setVersion":null,"tags":{},"topologyVersion":null,"type":"Unknown"},"ac-z3ybi9p-shard-00-02.ksjjkx8.mongodb.net:27017":{"$clusterTime":null,"address":"ac-z3ybi9p-shard-00-02.ksjjkx8.mongodb.net:27017","arbiters":[],"electionId":null,"error":{"beforeHandshake":false,"errorLabelSet":{}},"hosts":[],"iscryptd":false,"lastUpdateTime":19453396,"lastWriteDate":0,"logicalSessionTimeoutMinutes":null,"maxBsonObjectSize":null,"maxMessageSizeBytes":null,"maxWireVersion":0,"maxWriteBatchSize":null,"me":null,"minRoundTripTime":0,"minWireVersion":0,"passives":[],"primary":null,"roundTripTime":-1,"setName":null,"setVersion":null,"tags":{},"topologyVersion":null,"type":"Unknown"}},"setName":"atlas-srnijx-shard-0","stale":false,"type":"ReplicaSetNoPrimary"},"errorLabelSet":{},"level":"error","message":"Could not connect to any servers in your MongoDB Atlas cluster. One common reason is that you're trying to access the database from an IP that isn't whitelisted. Make sure your current IP address is on your Atlas cluster's IP whitelist: https://www.mongodb.com/docs/atlas/security-whitelist/","reason":{"commonWireVersion":0,"compatible":true,"heartbeatFrequencyMS":10000,"localThresholdMS":15,"logicalSessionTimeoutMinutes":null,"maxElectionId":null,"maxSetVersion":null,"servers":{"ac-z3ybi9p-shard-00-00.ksjjkx8.mongodb.net:27017":{"$clusterTime":null,"address":"ac-z3ybi9p-shard-00-00.ksjjkx8.mongodb.net:27017","arbiters":[],"electionId":null,"error":{"beforeHandshake":false,"errorLabelSet":{}},"hosts":[],"iscryptd":false,"lastUpdateTime":19453329,"lastWriteDate":0,"logicalSessionTimeoutMinutes":null,"maxBsonObjectSize":null,"maxMessageSizeBytes":null,"maxWireVersion":0,"maxWriteBatchSize":null,"me":null,"minRoundTripTime":0,"minWireVersion":0,"passives":[],"primary":null,"roundTripTime":-1,"setName":null,"setVersion":null,"tags":{},"topologyVersion":null,"type":"Unknown"},"ac-z3ybi9p-shard-00-01.ksjjkx8.mongodb.net:27017":{"$clusterTime":null,"address":"ac-z3ybi9p-shard-00-01.ksjjkx8.mongodb.net:27017","arbiters":[],"electionId":null,"error":{"beforeHandshake":false,"errorLabelSet":{}},"hosts":[],"iscryptd":false,"lastUpdateTime":19453203,"lastWriteDate":0,"logicalSessionTimeoutMinutes":null,"maxBsonObjectSize":null,"maxMessageSizeBytes":null,"maxWireVersion":0,"maxWriteBatchSize":null,"me":null,"minRoundTripTime":0,"minWireVersion":0,"passives":[],"primary":null,"roundTripTime":-1,"setName":null,"setVersion":null,"tags":{},"topologyVersion":null,"type":"Unknown"},"ac-z3ybi9p-shard-00-02.ksjjkx8.mongodb.net:27017":{"$clusterTime":null,"address":"ac-z3ybi9p-shard-00-02.ksjjkx8.mongodb.net:27017","arbiters":[],"electionId":null,"error":{"beforeHandshake":false,"errorLabelSet":{}},"hosts":[],"iscryptd":false,"lastUpdateTime":19453396,"lastWriteDate":0,"logicalSessionTimeoutMinutes":null,"maxBsonObjectSize":null,"maxMessageSizeBytes":null,"maxWireVersion":0,"maxWriteBatchSize":null,"me":null,"minRoundTripTime":0,"minWireVersion":0,"passives":[],"primary":null,"roundTripTime":-1,"setName":null,"setVersion":null,"tags":{},"topologyVersion":null,"type":"Unknown"}},"setName":"atlas-srnijx-shard-0","stale":false,"type":"ReplicaSetNoPrimary"},"service":"post-service","stack":"MongooseServerSelectionError: Could not connect to any servers in your MongoDB Atlas cluster. One common reason is that you're trying to access the database from an IP that isn't whitelisted. Make sure your current IP address is on your Atlas cluster's IP whitelist: https://www.mongodb.com/docs/atlas/security-whitelist/\n    at _handleConnectionErrors (/home/ritochit-ghosh/rito_/Learn/nodejs/level-two/04_microservice_project/post-service/node_modules/mongoose/lib/connection.js:1165:11)\n    at NativeConnection.openUri (/home/ritochit-ghosh/rito_/Learn/nodejs/level-two/04_microservice_project/post-service/node_modules/mongoose/lib/connection.js:1096:11)\n    at async connectDB (/home/ritochit-ghosh/rito_/Learn/nodejs/level-two/04_microservice_project/post-service/src/database/db.js:7:9)","timestamp":"2025-10-11T11:24:01.108Z"}
{"level":"info","message":"Post Service running on port 3002","service":"post-service","timestamp":"2025-10-11T11:30:03.545Z"}
{"level":"info","message":"MongoDB connected successfully","service":"post-service","timestamp":"2025-10-11T11:30:04.083Z"}
{"level":"info","message":"[Oct 11, 2025, 5:23 PM]: Received POST request at /api/posts/create-post","service":"post-service","timestamp":"2025-10-11T11:53:54.544Z"}
{"level":"info","message":"Request Body: [object Object]","service":"post-service","timestamp":"2025-10-11T11:53:54.544Z"}
{"level":"info","message":"CREATE_POST_CONTROLLER: endpoint reached","service":"post-service","timestamp":"2025-10-11T11:53:54.548Z"}
{"0":"\"","1":"i","10":"\"","11":" ","12":"i","13":"s","14":" ","15":"n","16":"o","17":"t","18":" ","19":"a","2":"m","20":"l","21":"l","22":"o","23":"w","24":"e","25":"d","3":"a","4":"g","5":"e","6":"U","7":"r","8":"l","9":"s","level":"warn","message":"Validation error: ","service":"post-service","timestamp":"2025-10-11T11:53:54.552Z"}
{"level":"error","message":"CREATE_POST_ERROR:  Cannot read properties of undefined (reading '0')","service":"post-service","stack":"TypeError: Cannot read properties of undefined (reading '0')\n    at createPost (/home/ritochit-ghosh/rito_/Learn/nodejs/level-two/04_microservice_project/post-service/src/controllers/post-controller.js:16:37)\n    at Layer.handleRequest (/home/ritochit-ghosh/rito_/Learn/nodejs/level-two/04_microservice_project/post-service/node_modules/router/lib/layer.js:152:17)\n    at next (/home/ritochit-ghosh/rito_/Learn/nodejs/level-two/04_microservice_project/post-service/node_modules/router/lib/route.js:157:13)\n    at Route.dispatch (/home/ritochit-ghosh/rito_/Learn/nodejs/level-two/04_microservice_project/post-service/node_modules/router/lib/route.js:117:3)\n    at handle (/home/ritochit-ghosh/rito_/Learn/nodejs/level-two/04_microservice_project/post-service/node_modules/router/index.js:435:11)\n    at Layer.handleRequest (/home/ritochit-ghosh/rito_/Learn/nodejs/level-two/04_microservice_project/post-service/node_modules/router/lib/layer.js:152:17)\n    at /home/ritochit-ghosh/rito_/Learn/nodejs/level-two/04_microservice_project/post-service/node_modules/router/index.js:295:15\n    at processParams (/home/ritochit-ghosh/rito_/Learn/nodejs/level-two/04_microservice_project/post-service/node_modules/router/index.js:582:12)\n    at next (/home/ritochit-ghosh/rito_/Learn/nodejs/level-two/04_microservice_project/post-service/node_modules/router/index.js:291:5)\n    at authenticateRequest (/home/ritochit-ghosh/rito_/Learn/nodejs/level-two/04_microservice_project/post-service/src/middlewares/authMiddleware.js:16:5)","timestamp":"2025-10-11T11:53:54.552Z"}
{"level":"info","message":"Post Service running on port 3002","service":"post-service","timestamp":"2025-10-11T11:55:48.066Z"}
{"level":"info","message":"MongoDB connected successfully","service":"post-service","timestamp":"2025-10-11T11:55:48.580Z"}
{"level":"info","message":"Post Service running on port 3002","service":"post-service","timestamp":"2025-10-11T11:55:52.275Z"}
{"level":"info","message":"MongoDB connected successfully","service":"post-service","timestamp":"2025-10-11T11:55:52.763Z"}
{"level":"info","message":"[Oct 11, 2025, 5:25 PM]: Received POST request at /api/posts/create-post","service":"post-service","timestamp":"2025-10-11T11:55:58.077Z"}
{"level":"info","message":"Request Body: [object Object]","service":"post-service","timestamp":"2025-10-11T11:55:58.077Z"}
{"level":"warn","message":"Sensitive endpoint rate limit exceeded for IP: ::1","service":"post-service","timestamp":"2025-10-11T11:55:58.081Z"}
{"level":"info","message":"Post Service running on port 3002","service":"post-service","timestamp":"2025-10-11T11:56:16.675Z"}
{"level":"info","message":"MongoDB connected successfully","service":"post-service","timestamp":"2025-10-11T11:56:17.176Z"}
{"level":"info","message":"[Oct 11, 2025, 5:26 PM]: Received POST request at /api/posts/create-post","service":"post-service","timestamp":"2025-10-11T11:56:19.428Z"}
{"level":"info","message":"Request Body: [object Object]","service":"post-service","timestamp":"2025-10-11T11:56:19.428Z"}
{"level":"info","message":"CREATE_POST_CONTROLLER: endpoint reached","service":"post-service","timestamp":"2025-10-11T11:56:19.432Z"}
{"0":"\"","1":"i","10":"\"","11":" ","12":"i","13":"s","14":" ","15":"n","16":"o","17":"t","18":" ","19":"a","2":"m","20":"l","21":"l","22":"o","23":"w","24":"e","25":"d","3":"a","4":"g","5":"e","6":"U","7":"r","8":"l","9":"s","level":"warn","message":"Validation error: ","service":"post-service","timestamp":"2025-10-11T11:56:19.435Z"}
{"level":"error","message":"CREATE_POST_ERROR:  Cannot read properties of undefined (reading '0')","service":"post-service","stack":"TypeError: Cannot read properties of undefined (reading '0')\n    at createPost (/home/ritochit-ghosh/rito_/Learn/nodejs/level-two/04_microservice_project/post-service/src/controllers/post-controller.js:16:37)\n    at Layer.handleRequest (/home/ritochit-ghosh/rito_/Learn/nodejs/level-two/04_microservice_project/post-service/node_modules/router/lib/layer.js:152:17)\n    at next (/home/ritochit-ghosh/rito_/Learn/nodejs/level-two/04_microservice_project/post-service/node_modules/router/lib/route.js:157:13)\n    at Route.dispatch (/home/ritochit-ghosh/rito_/Learn/nodejs/level-two/04_microservice_project/post-service/node_modules/router/lib/route.js:117:3)\n    at handle (/home/ritochit-ghosh/rito_/Learn/nodejs/level-two/04_microservice_project/post-service/node_modules/router/index.js:435:11)\n    at Layer.handleRequest (/home/ritochit-ghosh/rito_/Learn/nodejs/level-two/04_microservice_project/post-service/node_modules/router/lib/layer.js:152:17)\n    at /home/ritochit-ghosh/rito_/Learn/nodejs/level-two/04_microservice_project/post-service/node_modules/router/index.js:295:15\n    at processParams (/home/ritochit-ghosh/rito_/Learn/nodejs/level-two/04_microservice_project/post-service/node_modules/router/index.js:582:12)\n    at next (/home/ritochit-ghosh/rito_/Learn/nodejs/level-two/04_microservice_project/post-service/node_modules/router/index.js:291:5)\n    at authenticateRequest (/home/ritochit-ghosh/rito_/Learn/nodejs/level-two/04_microservice_project/post-service/src/middlewares/authMiddleware.js:16:5)","timestamp":"2025-10-11T11:56:19.436Z"}
{"level":"info","message":"[Oct 11, 2025, 5:27 PM]: Received POST request at /api/posts/create-post","service":"post-service","timestamp":"2025-10-11T11:57:49.957Z"}
{"level":"info","message":"Request Body: [object Object]","service":"post-service","timestamp":"2025-10-11T11:57:49.958Z"}
{"level":"info","message":"CREATE_POST_CONTROLLER: endpoint reached","service":"post-service","timestamp":"2025-10-11T11:57:49.960Z"}
{"$__":{"$versionError":null,"activePaths":{"paths":{"content":"require","user":"require"},"states":{"default":{},"modify":{},"require":{"content":true,"user":true}}},"backup":{"activePaths":{"default":{"_id":true,"createdAt":true},"modify":{"content":true,"mediaIds":true,"updatedAt":true,"user":true}},"validationError":null},"cachedRequired":{},"inserting":true,"op":null,"pathsToScopes":{"mediaIds":{"__v":0,"_id":"68ea463df7e12a52b9280619","content":"I'm a Full Stack Developer with strong backend expertise in Node.js, Java, and database management (PostgreSQL, MongoDB, MySQL). While my experience is primarily in Node.js/Spring Boot, I'm versatile and can adapt to any tech stack within a week and deliver good quality code . I've built scalable applications like CodeCrafter and MAKAUTenant, solved 450+ DSA problems. I've also contributed to oss projects like MAKAUT Buddy (a learning resource platform ,link : https://github.com/Arindam200/makaut_buddy/pull/138) which show my passion for EdTech aligns perfectly with Learnyst's mission to democratize education.","createdAt":"2025-10-11T11:56:16.616Z","mediaIds":["https://res.cloudinary.com/dr2mbhder/image/upload/v1758094319/efto9obnogbdkqq0pgv8.png"],"updatedAt":"2025-10-11T11:56:16.616Z","user":"68e9f8eb06bd9d777fbd5150"}},"saveOptions":null,"savedState":{},"saving":null,"validating":null},"$isNew":false,"_doc":{"__v":0,"_id":"68ea463df7e12a52b9280619","content":"I'm a Full Stack Developer with strong backend expertise in Node.js, Java, and database management (PostgreSQL, MongoDB, MySQL). While my experience is primarily in Node.js/Spring Boot, I'm versatile and can adapt to any tech stack within a week and deliver good quality code . I've built scalable applications like CodeCrafter and MAKAUTenant, solved 450+ DSA problems. I've also contributed to oss projects like MAKAUT Buddy (a learning resource platform ,link : https://github.com/Arindam200/makaut_buddy/pull/138) which show my passion for EdTech aligns perfectly with Learnyst's mission to democratize education.","createdAt":"2025-10-11T11:56:16.616Z","mediaIds":["https://res.cloudinary.com/dr2mbhder/image/upload/v1758094319/efto9obnogbdkqq0pgv8.png"],"updatedAt":"2025-10-11T11:56:16.616Z","user":"68e9f8eb06bd9d777fbd5150"},"level":"info","message":"Post created successfully","service":"post-service","timestamp":"2025-10-11T11:57:50.020Z"}
{"level":"info","message":"Post Service running on port 3002","service":"post-service","timestamp":"2025-10-11T12:12:02.066Z"}
{"level":"info","message":"MongoDB connected successfully","service":"post-service","timestamp":"2025-10-11T12:12:02.576Z"}
{"level":"info","message":"Post Service running on port 3002","service":"post-service","timestamp":"2025-10-11T12:13:55.062Z"}
{"level":"info","message":"MongoDB connected successfully","service":"post-service","timestamp":"2025-10-11T12:13:55.576Z"}
{"level":"info","message":"Post Service running on port 3002","service":"post-service","timestamp":"2025-10-11T12:14:34.469Z"}
{"level":"info","message":"MongoDB connected successfully","service":"post-service","timestamp":"2025-10-11T12:14:34.967Z"}
{"level":"info","message":"Post Service running on port 3002","service":"post-service","timestamp":"2025-10-11T12:17:25.809Z"}
{"level":"info","message":"MongoDB connected successfully","service":"post-service","timestamp":"2025-10-11T12:17:26.335Z"}
{"level":"info","message":"Post Service running on port 3002","service":"post-service","timestamp":"2025-10-11T12:17:44.695Z"}
{"level":"info","message":"MongoDB connected successfully","service":"post-service","timestamp":"2025-10-11T12:17:45.190Z"}
{"level":"info","message":"[Oct 11, 2025, 5:48 PM]: Received GET request at /api/posts/posts","service":"post-service","timestamp":"2025-10-11T12:18:47.675Z"}
{"level":"info","message":"Request Body: [object Object]","service":"post-service","timestamp":"2025-10-11T12:18:47.676Z"}
{"level":"info","message":"GET_ALL_POST_CONTROLLER: endpoint reached","service":"post-service","timestamp":"2025-10-11T12:18:47.676Z"}
{"level":"info","message":"[Oct 11, 2025, 5:49 PM]: Received GET request at /api/posts/posts","service":"post-service","timestamp":"2025-10-11T12:19:03.926Z"}
{"level":"info","message":"Request Body: [object Object]","service":"post-service","timestamp":"2025-10-11T12:19:03.926Z"}
{"level":"info","message":"GET_ALL_POST_CONTROLLER: endpoint reached","service":"post-service","timestamp":"2025-10-11T12:19:03.927Z"}
{"level":"info","message":"[Oct 11, 2025, 5:49 PM]: Received GET request at /api/posts/posts","service":"post-service","timestamp":"2025-10-11T12:19:06.107Z"}
{"level":"info","message":"Request Body: [object Object]","service":"post-service","timestamp":"2025-10-11T12:19:06.107Z"}
{"level":"info","message":"GET_ALL_POST_CONTROLLER: endpoint reached","service":"post-service","timestamp":"2025-10-11T12:19:06.108Z"}
{"level":"info","message":"Post Service running on port 3002","service":"post-service","timestamp":"2025-10-11T12:26:10.720Z"}
{"level":"info","message":"MongoDB connected successfully","service":"post-service","timestamp":"2025-10-11T12:26:11.243Z"}
{"level":"info","message":"Post Service running on port 3002","service":"post-service","timestamp":"2025-10-11T12:27:30.564Z"}
{"level":"info","message":"MongoDB connected successfully","service":"post-service","timestamp":"2025-10-11T12:27:31.090Z"}
{"level":"info","message":"[Oct 11, 2025, 6:00 PM]: Received POST request at /api/posts/create-post","service":"post-service","timestamp":"2025-10-11T12:30:20.135Z"}
{"level":"info","message":"Request Body: [object Object]","service":"post-service","timestamp":"2025-10-11T12:30:20.136Z"}
{"level":"info","message":"CREATE_POST_CONTROLLER: endpoint reached","service":"post-service","timestamp":"2025-10-11T12:30:20.140Z"}
{"$__":{"$versionError":null,"activePaths":{"paths":{"content":"require","user":"require"},"states":{"default":{},"modify":{},"require":{"content":true,"user":true}}},"backup":{"activePaths":{"default":{"_id":true,"createdAt":true},"modify":{"content":true,"mediaIds":true,"updatedAt":true,"user":true}},"validationError":null},"cachedRequired":{},"inserting":true,"op":null,"pathsToScopes":{"mediaIds":{"__v":0,"_id":"68ea4ddcfd8c8837ca2597c8","content":"Today I started a  new project kind of similar to leetcode, but it let's users create their own unique contents, so it will be a fun way to practice DSA amongs friends. Below is the architucture diagram of my plan. Have a look...","createdAt":"2025-10-11T12:27:30.504Z","mediaIds":["https://res.cloudinary.com/dr2mbhder/image/upload/v1758053627/ju9ifgb9nak9a67sofhs.png"],"updatedAt":"2025-10-11T12:27:30.504Z","user":"68e9f8eb06bd9d777fbd5150"}},"saveOptions":null,"savedState":{},"saving":null,"validating":null},"$isNew":false,"_doc":{"__v":0,"_id":"68ea4ddcfd8c8837ca2597c8","content":"Today I started a  new project kind of similar to leetcode, but it let's users create their own unique contents, so it will be a fun way to practice DSA amongs friends. Below is the architucture diagram of my plan. Have a look...","createdAt":"2025-10-11T12:27:30.504Z","mediaIds":["https://res.cloudinary.com/dr2mbhder/image/upload/v1758053627/ju9ifgb9nak9a67sofhs.png"],"updatedAt":"2025-10-11T12:27:30.504Z","user":"68e9f8eb06bd9d777fbd5150"},"level":"info","message":"Post created successfully","service":"post-service","timestamp":"2025-10-11T12:30:20.209Z"}
{"level":"info","message":"[Oct 11, 2025, 6:00 PM]: Received GET request at /api/posts/posts","service":"post-service","timestamp":"2025-10-11T12:30:24.307Z"}
{"level":"info","message":"Request Body: [object Object]","service":"post-service","timestamp":"2025-10-11T12:30:24.308Z"}
{"level":"info","message":"GET_ALL_POST_CONTROLLER: endpoint reached","service":"post-service","timestamp":"2025-10-11T12:30:24.309Z"}
{"level":"info","message":"[Oct 11, 2025, 6:00 PM]: Received GET request at /api/posts/posts","service":"post-service","timestamp":"2025-10-11T12:30:42.692Z"}
{"level":"info","message":"Request Body: [object Object]","service":"post-service","timestamp":"2025-10-11T12:30:42.692Z"}
{"level":"info","message":"GET_ALL_POST_CONTROLLER: endpoint reached","service":"post-service","timestamp":"2025-10-11T12:30:42.693Z"}
{"level":"info","message":"[Oct 11, 2025, 7:06 PM]: Received GET request at /api/posts/posts","service":"post-service","timestamp":"2025-10-11T13:36:27.919Z"}
{"level":"info","message":"Request Body: [object Object]","service":"post-service","timestamp":"2025-10-11T13:36:27.919Z"}
{"level":"info","message":"GET_ALL_POST_CONTROLLER: endpoint reached","service":"post-service","timestamp":"2025-10-11T13:36:27.920Z"}
{"level":"info","message":"[Oct 11, 2025, 7:06 PM]: Received GET request at /api/posts/posts","service":"post-service","timestamp":"2025-10-11T13:36:30.404Z"}
{"level":"info","message":"Request Body: [object Object]","service":"post-service","timestamp":"2025-10-11T13:36:30.404Z"}
{"level":"info","message":"GET_ALL_POST_CONTROLLER: endpoint reached","service":"post-service","timestamp":"2025-10-11T13:36:30.404Z"}
{"level":"info","message":"Post Service running on port 3002","service":"post-service","timestamp":"2025-10-11T17:11:06.120Z"}
{"level":"info","message":"MongoDB connected successfully","service":"post-service","timestamp":"2025-10-11T17:11:06.680Z"}
{"level":"info","message":"Post Service running on port 3002","service":"post-service","timestamp":"2025-10-11T17:12:05.171Z"}
{"level":"info","message":"MongoDB connected successfully","service":"post-service","timestamp":"2025-10-11T17:12:05.671Z"}
{"level":"info","message":"Post Service running on port 3002","service":"post-service","timestamp":"2025-10-11T17:12:49.470Z"}
{"level":"info","message":"MongoDB connected successfully","service":"post-service","timestamp":"2025-10-11T17:12:49.970Z"}
{"level":"info","message":"[Oct 11, 2025, 10:43 PM]: Received GET request at /api/posts/68ea4ddcfd8c8837ca2597c8","service":"post-service","timestamp":"2025-10-11T17:13:18.237Z"}
{"level":"info","message":"Request Body: [object Object]","service":"post-service","timestamp":"2025-10-11T17:13:18.238Z"}
{"level":"info","message":"GET_POST_CONTROLLER: endpoint reached","service":"post-service","timestamp":"2025-10-11T17:13:18.239Z"}
{"level":"info","message":"[Oct 11, 2025, 10:44 PM]: Received GET request at /api/posts/68ea4ddcfd8c8837ca2597c8","service":"post-service","timestamp":"2025-10-11T17:14:18.192Z"}
{"level":"info","message":"Request Body: [object Object]","service":"post-service","timestamp":"2025-10-11T17:14:18.192Z"}
{"level":"info","message":"GET_POST_CONTROLLER: endpoint reached","service":"post-service","timestamp":"2025-10-11T17:14:18.194Z"}
{"level":"info","message":"[Oct 11, 2025, 10:44 PM]: Received GET request at /api/posts/68ea4ddcfd8c8837ca2597c8","service":"post-service","timestamp":"2025-10-11T17:14:19.719Z"}
{"level":"info","message":"Request Body: [object Object]","service":"post-service","timestamp":"2025-10-11T17:14:19.719Z"}
{"level":"info","message":"GET_POST_CONTROLLER: endpoint reached","service":"post-service","timestamp":"2025-10-11T17:14:19.720Z"}
{"level":"info","message":"[Oct 11, 2025, 10:44 PM]: Received GET request at /api/posts/68ea4ddcfd8c8837ca2597c8","service":"post-service","timestamp":"2025-10-11T17:14:24.800Z"}
{"level":"info","message":"Request Body: [object Object]","service":"post-service","timestamp":"2025-10-11T17:14:24.800Z"}
{"level":"info","message":"GET_POST_CONTROLLER: endpoint reached","service":"post-service","timestamp":"2025-10-11T17:14:24.800Z"}
{"level":"info","message":"[Oct 11, 2025, 10:44 PM]: Received GET request at /api/posts/68ea4ddcfd8c8837ca2597c8","service":"post-service","timestamp":"2025-10-11T17:14:25.693Z"}
{"level":"info","message":"Request Body: [object Object]","service":"post-service","timestamp":"2025-10-11T17:14:25.693Z"}
{"level":"info","message":"GET_POST_CONTROLLER: endpoint reached","service":"post-service","timestamp":"2025-10-11T17:14:25.694Z"}
{"level":"info","message":"[Oct 11, 2025, 10:44 PM]: Received GET request at /api/posts/68ea4ddcfd8c8837ca2597c8","service":"post-service","timestamp":"2025-10-11T17:14:26.616Z"}
{"level":"info","message":"Request Body: [object Object]","service":"post-service","timestamp":"2025-10-11T17:14:26.616Z"}
{"level":"info","message":"GET_POST_CONTROLLER: endpoint reached","service":"post-service","timestamp":"2025-10-11T17:14:26.616Z"}
{"level":"info","message":"[Oct 11, 2025, 10:44 PM]: Received GET request at /api/posts/68ea4ddcfd8c8837ca2597c8","service":"post-service","timestamp":"2025-10-11T17:14:31.598Z"}
{"level":"info","message":"Request Body: [object Object]","service":"post-service","timestamp":"2025-10-11T17:14:31.599Z"}
{"level":"info","message":"GET_POST_CONTROLLER: endpoint reached","service":"post-service","timestamp":"2025-10-11T17:14:31.599Z"}
{"level":"info","message":"[Oct 11, 2025, 10:44 PM]: Received GET request at /api/posts/68ea463df7e12a52b9280619","service":"post-service","timestamp":"2025-10-11T17:14:48.982Z"}
{"level":"info","message":"Request Body: [object Object]","service":"post-service","timestamp":"2025-10-11T17:14:48.982Z"}
{"level":"info","message":"GET_POST_CONTROLLER: endpoint reached","service":"post-service","timestamp":"2025-10-11T17:14:48.982Z"}
{"level":"info","message":"[Oct 11, 2025, 10:44 PM]: Received GET request at /api/posts/68ea463df7e12a52b9280619","service":"post-service","timestamp":"2025-10-11T17:14:51.857Z"}
{"level":"info","message":"Request Body: [object Object]","service":"post-service","timestamp":"2025-10-11T17:14:51.857Z"}
{"level":"info","message":"GET_POST_CONTROLLER: endpoint reached","service":"post-service","timestamp":"2025-10-11T17:14:51.857Z"}
{"level":"info","message":"[Oct 11, 2025, 10:44 PM]: Received GET request at /api/posts/68ea463df7e12a52b9280619","service":"post-service","timestamp":"2025-10-11T17:14:55.747Z"}
{"level":"info","message":"Request Body: [object Object]","service":"post-service","timestamp":"2025-10-11T17:14:55.747Z"}
{"level":"info","message":"GET_POST_CONTROLLER: endpoint reached","service":"post-service","timestamp":"2025-10-11T17:14:55.748Z"}
{"level":"info","message":"[Oct 11, 2025, 10:44 PM]: Received GET request at /api/posts/68ea463df7e12a52b9280619","service":"post-service","timestamp":"2025-10-11T17:14:56.909Z"}
{"level":"info","message":"Request Body: [object Object]","service":"post-service","timestamp":"2025-10-11T17:14:56.909Z"}
{"level":"info","message":"GET_POST_CONTROLLER: endpoint reached","service":"post-service","timestamp":"2025-10-11T17:14:56.909Z"}
{"level":"info","message":"[Oct 11, 2025, 10:44 PM]: Received GET request at /api/posts/68ea463df7e12a52b9280619","service":"post-service","timestamp":"2025-10-11T17:14:58.087Z"}
{"level":"info","message":"Request Body: [object Object]","service":"post-service","timestamp":"2025-10-11T17:14:58.087Z"}
{"level":"info","message":"GET_POST_CONTROLLER: endpoint reached","service":"post-service","timestamp":"2025-10-11T17:14:58.087Z"}
{"level":"info","message":"[Oct 11, 2025, 10:44 PM]: Received GET request at /api/posts/68ea463df7e12a52b9280619","service":"post-service","timestamp":"2025-10-11T17:14:58.945Z"}
{"level":"info","message":"Request Body: [object Object]","service":"post-service","timestamp":"2025-10-11T17:14:58.945Z"}
{"level":"info","message":"GET_POST_CONTROLLER: endpoint reached","service":"post-service","timestamp":"2025-10-11T17:14:58.946Z"}
{"level":"info","message":"[Oct 11, 2025, 10:44 PM]: Received GET request at /api/posts/68ea463df7e12a52b9280619","service":"post-service","timestamp":"2025-10-11T17:14:59.842Z"}
{"level":"info","message":"Request Body: [object Object]","service":"post-service","timestamp":"2025-10-11T17:14:59.842Z"}
{"level":"info","message":"GET_POST_CONTROLLER: endpoint reached","service":"post-service","timestamp":"2025-10-11T17:14:59.842Z"}
{"level":"info","message":"[Oct 11, 2025, 10:45 PM]: Received GET request at /api/posts/68ea463df7e12a52b9280619","service":"post-service","timestamp":"2025-10-11T17:15:00.768Z"}
{"level":"info","message":"Request Body: [object Object]","service":"post-service","timestamp":"2025-10-11T17:15:00.768Z"}
{"level":"info","message":"GET_POST_CONTROLLER: endpoint reached","service":"post-service","timestamp":"2025-10-11T17:15:00.768Z"}
{"level":"info","message":"Post Service running on port 3002","service":"post-service","timestamp":"2025-10-11T17:16:11.707Z"}
{"level":"info","message":"MongoDB connected successfully","service":"post-service","timestamp":"2025-10-11T17:16:12.254Z"}
{"level":"info","message":"[Oct 11, 2025, 10:46 PM]: Received GET request at /api/posts/posts","service":"post-service","timestamp":"2025-10-11T17:16:49.997Z"}
{"level":"info","message":"Request Body: [object Object]","service":"post-service","timestamp":"2025-10-11T17:16:49.997Z"}
{"level":"info","message":"GET_ALL_POST_CONTROLLER: endpoint reached","service":"post-service","timestamp":"2025-10-11T17:16:49.998Z"}
{"level":"info","message":"[Oct 11, 2025, 10:46 PM]: Received GET request at /api/posts/posts","service":"post-service","timestamp":"2025-10-11T17:16:52.537Z"}
{"level":"info","message":"Request Body: [object Object]","service":"post-service","timestamp":"2025-10-11T17:16:52.537Z"}
{"level":"info","message":"GET_ALL_POST_CONTROLLER: endpoint reached","service":"post-service","timestamp":"2025-10-11T17:16:52.538Z"}
{"level":"info","message":"[Oct 11, 2025, 10:46 PM]: Received GET request at /api/posts/posts","service":"post-service","timestamp":"2025-10-11T17:16:53.552Z"}
{"level":"info","message":"Request Body: [object Object]","service":"post-service","timestamp":"2025-10-11T17:16:53.553Z"}
{"level":"info","message":"GET_ALL_POST_CONTROLLER: endpoint reached","service":"post-service","timestamp":"2025-10-11T17:16:53.553Z"}
{"level":"info","message":"Post Service running on port 3002","service":"post-service","timestamp":"2025-10-11T17:19:42.182Z"}
{"level":"info","message":"MongoDB connected successfully","service":"post-service","timestamp":"2025-10-11T17:19:42.762Z"}
{"level":"info","message":"Post Service running on port 3002","service":"post-service","timestamp":"2025-10-11T17:19:56.858Z"}
{"level":"info","message":"MongoDB connected successfully","service":"post-service","timestamp":"2025-10-11T17:19:57.303Z"}
{"level":"info","message":"Post Service running on port 3002","service":"post-service","timestamp":"2025-10-11T17:20:14.891Z"}
{"level":"info","message":"MongoDB connected successfully","service":"post-service","timestamp":"2025-10-11T17:20:15.395Z"}
{"level":"info","message":"Post Service running on port 3002","service":"post-service","timestamp":"2025-10-11T17:20:40.827Z"}
{"level":"info","message":"MongoDB connected successfully","service":"post-service","timestamp":"2025-10-11T17:20:41.311Z"}
{"level":"info","message":"[Oct 11, 2025, 10:50 PM]: Received GET request at /api/posts/68ea463df7e12a52b9280619","service":"post-service","timestamp":"2025-10-11T17:20:46.485Z"}
{"level":"info","message":"Request Body: [object Object]","service":"post-service","timestamp":"2025-10-11T17:20:46.486Z"}
{"level":"info","message":"GET_POST_CONTROLLER: endpoint reached","service":"post-service","timestamp":"2025-10-11T17:20:46.487Z"}
{"level":"info","message":"Cache set for key: post:68ea463df7e12a52b9280619","service":"post-service","timestamp":"2025-10-11T17:20:46.537Z"}
{"level":"info","message":"[Oct 11, 2025, 10:50 PM]: Received GET request at /api/posts/68ea463df7e12a52b9280619","service":"post-service","timestamp":"2025-10-11T17:20:47.673Z"}
{"level":"info","message":"Request Body: [object Object]","service":"post-service","timestamp":"2025-10-11T17:20:47.673Z"}
{"level":"info","message":"GET_POST_CONTROLLER: endpoint reached","service":"post-service","timestamp":"2025-10-11T17:20:47.674Z"}
{"level":"info","message":"Cache hit for key: post:68ea463df7e12a52b9280619","service":"post-service","timestamp":"2025-10-11T17:20:47.676Z"}
{"level":"info","message":"[Oct 11, 2025, 10:51 PM]: Received POST request at /api/posts/create-post","service":"post-service","timestamp":"2025-10-11T17:21:58.356Z"}
{"level":"info","message":"Request Body: [object Object]","service":"post-service","timestamp":"2025-10-11T17:21:58.356Z"}
{"level":"info","message":"CREATE_POST_CONTROLLER: endpoint reached","service":"post-service","timestamp":"2025-10-11T17:21:58.362Z"}
{"$__":{"$versionError":null,"activePaths":{"paths":{"content":"require","user":"require"},"states":{"default":{},"modify":{},"require":{"content":true,"user":true}}},"backup":{"activePaths":{"default":{"_id":true,"createdAt":true},"modify":{"content":true,"mediaIds":true,"updatedAt":true,"user":true}},"validationError":null},"cachedRequired":{},"inserting":true,"op":null,"pathsToScopes":{"mediaIds":{"__v":0,"_id":"68ea92362e74c4020de9f0f8","content":"New post to test out delete functionility","createdAt":"2025-10-11T17:20:40.762Z","mediaIds":["https://res.cloudinary.com/dr2mbhder/image/upload/v1758053627/ju9ifgb9nak9a67sofhs.png"],"updatedAt":"2025-10-11T17:20:40.762Z","user":"68e9f8eb06bd9d777fbd5150"}},"saveOptions":null,"savedState":{},"saving":null,"validating":null},"$isNew":false,"_doc":{"__v":0,"_id":"68ea92362e74c4020de9f0f8","content":"New post to test out delete functionility","createdAt":"2025-10-11T17:20:40.762Z","mediaIds":["https://res.cloudinary.com/dr2mbhder/image/upload/v1758053627/ju9ifgb9nak9a67sofhs.png"],"updatedAt":"2025-10-11T17:20:40.762Z","user":"68e9f8eb06bd9d777fbd5150"},"level":"info","message":"Post created successfully","service":"post-service","timestamp":"2025-10-11T17:21:58.430Z"}
{"level":"info","message":"[Oct 11, 2025, 10:52 PM]: Received GET request at /api/posts/posts","service":"post-service","timestamp":"2025-10-11T17:22:02.578Z"}
{"level":"info","message":"Request Body: [object Object]","service":"post-service","timestamp":"2025-10-11T17:22:02.578Z"}
{"level":"info","message":"GET_ALL_POST_CONTROLLER: endpoint reached","service":"post-service","timestamp":"2025-10-11T17:22:02.578Z"}
{"level":"info","message":"Cache set for key: posts:1:10","service":"post-service","timestamp":"2025-10-11T17:22:02.676Z"}
{"level":"info","message":"Post Service running on port 3002","service":"post-service","timestamp":"2025-10-11T17:23:08.261Z"}
{"level":"info","message":"MongoDB connected successfully","service":"post-service","timestamp":"2025-10-11T17:23:08.724Z"}
{"level":"info","message":"Post Service running on port 3002","service":"post-service","timestamp":"2025-10-11T17:25:02.385Z"}
{"level":"info","message":"MongoDB connected successfully","service":"post-service","timestamp":"2025-10-11T17:25:02.895Z"}
{"level":"info","message":"Post Service running on port 3002","service":"post-service","timestamp":"2025-10-11T17:25:34.894Z"}
{"level":"info","message":"MongoDB connected successfully","service":"post-service","timestamp":"2025-10-11T17:25:35.413Z"}
{"level":"info","message":"[Oct 11, 2025, 10:56 PM]: Received DELETE request at /api/posts/68ea92362e74c4020de9f0f8","service":"post-service","timestamp":"2025-10-11T17:26:03.381Z"}
{"level":"info","message":"Request Body: [object Object]","service":"post-service","timestamp":"2025-10-11T17:26:03.382Z"}
{"level":"info","message":"Cache removed for key: post:68ea92362e74c4020de9f0f8","service":"post-service","timestamp":"2025-10-11T17:26:03.455Z"}
{"level":"info","message":"[Oct 11, 2025, 10:56 PM]: Received GET request at /api/posts/posts","service":"post-service","timestamp":"2025-10-11T17:26:38.427Z"}
{"level":"info","message":"Request Body: [object Object]","service":"post-service","timestamp":"2025-10-11T17:26:38.427Z"}
{"level":"info","message":"GET_ALL_POST_CONTROLLER: endpoint reached","service":"post-service","timestamp":"2025-10-11T17:26:38.429Z"}
{"level":"info","message":"Cache set for key: posts:1:10","service":"post-service","timestamp":"2025-10-11T17:26:38.528Z"}
{"level":"info","message":"Post Service running on port 3002","service":"post-service","timestamp":"2025-10-11T17:28:23.104Z"}
{"level":"info","message":"MongoDB connected successfully","service":"post-service","timestamp":"2025-10-11T17:28:23.638Z"}
{"level":"info","message":"Post Service running on port 3002","service":"post-service","timestamp":"2025-10-11T17:29:02.243Z"}
{"level":"info","message":"MongoDB connected successfully","service":"post-service","timestamp":"2025-10-11T17:29:02.726Z"}
{"level":"info","message":"Post Service running on port 3002","service":"post-service","timestamp":"2025-10-11T18:36:26.586Z"}
{"level":"info","message":"MongoDB connected successfully","service":"post-service","timestamp":"2025-10-11T18:36:27.069Z"}
{"level":"info","message":"[Oct 12, 2025, 12:28 AM]: Received POST request at /api/posts/create-post","service":"post-service","timestamp":"2025-10-11T18:58:59.909Z"}
{"level":"info","message":"Request Body: [object Object]","service":"post-service","timestamp":"2025-10-11T18:58:59.910Z"}
{"level":"info","message":"CREATE_POST_CONTROLLER: endpoint reached","service":"post-service","timestamp":"2025-10-11T18:58:59.915Z"}
{"$__":{"$versionError":null,"activePaths":{"paths":{"content":"require","user":"require"},"states":{"default":{},"modify":{},"require":{"content":true,"user":true}}},"backup":{"activePaths":{"default":{"_id":true,"createdAt":true},"modify":{"content":true,"mediaIds":true,"updatedAt":true,"user":true}},"validationError":null},"cachedRequired":{},"inserting":true,"op":null,"pathsToScopes":{"mediaIds":{"__v":0,"_id":"68eaa8f3d370dcc07fe4c119","content":"Implemented media service and from there obtained the media Id of my image, now the tak is you need to query the Media table with the mediaId attacted with this post, and obtain the url, which is the preview url for the client, stored in cloudinary...","createdAt":"2025-10-11T18:36:26.527Z","mediaIds":["68eaa7a4362b96653b4ca507"],"updatedAt":"2025-10-11T18:36:26.527Z","user":"68e9f8eb06bd9d777fbd5150"}},"saveOptions":null,"savedState":{},"saving":null,"validating":null},"$isNew":false,"_doc":{"__v":0,"_id":"68eaa8f3d370dcc07fe4c119","content":"Implemented media service and from there obtained the media Id of my image, now the tak is you need to query the Media table with the mediaId attacted with this post, and obtain the url, which is the preview url for the client, stored in cloudinary...","createdAt":"2025-10-11T18:36:26.527Z","mediaIds":["68eaa7a4362b96653b4ca507"],"updatedAt":"2025-10-11T18:36:26.527Z","user":"68e9f8eb06bd9d777fbd5150"},"level":"info","message":"Post created successfully","service":"post-service","timestamp":"2025-10-11T18:58:59.988Z"}
{"level":"info","message":"[Oct 12, 2025, 12:29 AM]: Received GET request at /api/posts/posts","service":"post-service","timestamp":"2025-10-11T18:59:10.642Z"}
{"level":"info","message":"Request Body: [object Object]","service":"post-service","timestamp":"2025-10-11T18:59:10.642Z"}
{"level":"info","message":"GET_ALL_POST_CONTROLLER: endpoint reached","service":"post-service","timestamp":"2025-10-11T18:59:10.643Z"}
{"level":"info","message":"Cache set for key: posts:1:10","service":"post-service","timestamp":"2025-10-11T18:59:10.736Z"}
{"level":"info","message":"Post Service running on port 3002","service":"post-service","timestamp":"2025-10-11T19:04:08.115Z"}
{"level":"info","message":"MongoDB connected successfully","service":"post-service","timestamp":"2025-10-11T19:04:08.660Z"}
{"level":"info","message":"Post Service running on port 3002","service":"post-service","timestamp":"2025-10-11T19:09:50.426Z"}
{"level":"info","message":"MongoDB connected successfully","service":"post-service","timestamp":"2025-10-11T19:09:50.986Z"}
{"level":"info","message":"[Oct 12, 2025, 12:40 AM]: Received GET request at /api/posts/posts","service":"post-service","timestamp":"2025-10-11T19:10:57.707Z"}
{"level":"info","message":"Request Body: [object Object]","service":"post-service","timestamp":"2025-10-11T19:10:57.708Z"}
{"level":"info","message":"GET_ALL_POST_CONTROLLER: endpoint reached","service":"post-service","timestamp":"2025-10-11T19:10:57.708Z"}
{"level":"error","message":"GET_ALL_POST_ERROR: Schema hasn't been registered for model \"User\".\nUse mongoose.model(name, schema)","service":"post-service","stack":"MissingSchemaError: Schema hasn't been registered for model \"User\".\nUse mongoose.model(name, schema)\n    at NativeConnection.model (/home/ritochit-ghosh/rito_/Learn/nodejs/level-two/04_microservice_project/post-service/node_modules/mongoose/lib/connection.js:1493:13)\n    at _getModelFromConn (/home/ritochit-ghosh/rito_/Learn/nodejs/level-two/04_microservice_project/post-service/node_modules/mongoose/lib/helpers/populate/getModelsMapForPopulate.js:579:15)\n    at addModelNamesToMap (/home/ritochit-ghosh/rito_/Learn/nodejs/level-two/04_microservice_project/post-service/node_modules/mongoose/lib/helpers/populate/getModelsMapForPopulate.js:507:17)\n    at getModelsMapForPopulate (/home/ritochit-ghosh/rito_/Learn/nodejs/level-two/04_microservice_project/post-service/node_modules/mongoose/lib/helpers/populate/getModelsMapForPopulate.js:208:7)\n    at _populatePath (/home/ritochit-ghosh/rito_/Learn/nodejs/level-two/04_microservice_project/post-service/node_modules/mongoose/lib/model.js:4471:21)\n    at Function.populate (/home/ritochit-ghosh/rito_/Learn/nodejs/level-two/04_microservice_project/post-service/node_modules/mongoose/lib/model.js:4438:21)\n    at model.Query._find (/home/ritochit-ghosh/rito_/Learn/nodejs/level-two/04_microservice_project/post-service/node_modules/mongoose/lib/query.js:2456:20)\n    at process.processTicksAndRejections (node:internal/process/task_queues:105:5)\n    at async model.Query.exec (/home/ritochit-ghosh/rito_/Learn/nodejs/level-two/04_microservice_project/post-service/node_modules/mongoose/lib/query.js:4627:63)\n    at async getAllPosts (/home/ritochit-ghosh/rito_/Learn/nodejs/level-two/04_microservice_project/post-service/src/controllers/post-controller.js:76:19)","timestamp":"2025-10-11T19:10:57.759Z"}
{"level":"info","message":"Post Service running on port 3002","service":"post-service","timestamp":"2025-10-11T19:13:13.269Z"}
{"level":"info","message":"MongoDB connected successfully","service":"post-service","timestamp":"2025-10-11T19:13:13.824Z"}
{"level":"info","message":"[Oct 12, 2025, 12:43 AM]: Received GET request at /api/posts/posts","service":"post-service","timestamp":"2025-10-11T19:13:17.078Z"}
{"level":"info","message":"Request Body: [object Object]","service":"post-service","timestamp":"2025-10-11T19:13:17.079Z"}
{"level":"info","message":"GET_ALL_POST_CONTROLLER: endpoint reached","service":"post-service","timestamp":"2025-10-11T19:13:17.079Z"}
{"level":"info","message":"Cache set for key: posts:1:10","service":"post-service","timestamp":"2025-10-11T19:13:17.178Z"}
{"level":"info","message":"[Oct 12, 2025, 12:47 AM]: Received GET request at /api/posts/posts","service":"post-service","timestamp":"2025-10-11T19:17:18.425Z"}
{"level":"info","message":"Request Body: [object Object]","service":"post-service","timestamp":"2025-10-11T19:17:18.426Z"}
{"level":"info","message":"GET_ALL_POST_CONTROLLER: endpoint reached","service":"post-service","timestamp":"2025-10-11T19:17:18.426Z"}
{"level":"info","message":"Cache hit for key: posts:1:10","service":"post-service","timestamp":"2025-10-11T19:17:18.427Z"}
{"level":"info","message":"Post Service running on port 3002","service":"post-service","timestamp":"2025-10-11T19:17:35.319Z"}
{"level":"info","message":"MongoDB connected successfully","service":"post-service","timestamp":"2025-10-11T19:17:35.844Z"}
{"level":"info","message":"[Oct 12, 2025, 12:47 AM]: Received GET request at /api/posts/posts","service":"post-service","timestamp":"2025-10-11T19:17:38.556Z"}
{"level":"info","message":"Request Body: [object Object]","service":"post-service","timestamp":"2025-10-11T19:17:38.556Z"}
{"level":"info","message":"GET_ALL_POST_CONTROLLER: endpoint reached","service":"post-service","timestamp":"2025-10-11T19:17:38.557Z"}
{"level":"info","message":"Cache hit for key: posts:1:10","service":"post-service","timestamp":"2025-10-11T19:17:38.558Z"}
{"level":"info","message":"Post Service running on port 3002","service":"post-service","timestamp":"2025-10-11T19:17:43.657Z"}
{"level":"info","message":"MongoDB connected successfully","service":"post-service","timestamp":"2025-10-11T19:17:44.103Z"}
{"level":"info","message":"[Oct 12, 2025, 12:47 AM]: Received GET request at /api/posts/posts","service":"post-service","timestamp":"2025-10-11T19:17:47.863Z"}
{"level":"info","message":"Request Body: [object Object]","service":"post-service","timestamp":"2025-10-11T19:17:47.863Z"}
{"level":"info","message":"GET_ALL_POST_CONTROLLER: endpoint reached","service":"post-service","timestamp":"2025-10-11T19:17:47.864Z"}
{"level":"info","message":"Cache hit for key: posts:1:10","service":"post-service","timestamp":"2025-10-11T19:17:47.865Z"}
{"level":"info","message":"[Oct 12, 2025, 12:47 AM]: Received GET request at /api/posts/posts","service":"post-service","timestamp":"2025-10-11T19:17:53.775Z"}
{"level":"info","message":"Request Body: [object Object]","service":"post-service","timestamp":"2025-10-11T19:17:53.775Z"}
{"level":"info","message":"GET_ALL_POST_CONTROLLER: endpoint reached","service":"post-service","timestamp":"2025-10-11T19:17:53.776Z"}
{"level":"info","message":"Cache hit for key: posts:1:10","service":"post-service","timestamp":"2025-10-11T19:17:53.777Z"}
{"level":"info","message":"[Oct 12, 2025, 12:48 AM]: Received POST request at /api/posts/create-post","service":"post-service","timestamp":"2025-10-11T19:18:21.152Z"}
{"level":"info","message":"Request Body: [object Object]","service":"post-service","timestamp":"2025-10-11T19:18:21.152Z"}
{"level":"info","message":"CREATE_POST_CONTROLLER: endpoint reached","service":"post-service","timestamp":"2025-10-11T19:18:21.156Z"}
{"$__":{"$versionError":null,"activePaths":{"paths":{"content":"require","user":"require"},"states":{"default":{},"modify":{},"require":{"content":true,"user":true}}},"backup":{"activePaths":{"default":{"_id":true,"createdAt":true},"modify":{"content":true,"mediaIds":true,"updatedAt":true,"user":true}},"validationError":null},"cachedRequired":{},"inserting":true,"op":null,"pathsToScopes":{"mediaIds":{"__v":0,"_id":"68eaad7da22dd0f9b0cd9698","content":"New post to invalidate cache","createdAt":"2025-10-11T19:17:43.597Z","mediaIds":["68eaa7a4362b96653b4ca507"],"updatedAt":"2025-10-11T19:17:43.597Z","user":"68e9f8eb06bd9d777fbd5150"}},"saveOptions":null,"savedState":{},"saving":null,"validating":null},"$isNew":false,"_doc":{"__v":0,"_id":"68eaad7da22dd0f9b0cd9698","content":"New post to invalidate cache","createdAt":"2025-10-11T19:17:43.597Z","mediaIds":["68eaa7a4362b96653b4ca507"],"updatedAt":"2025-10-11T19:17:43.597Z","user":"68e9f8eb06bd9d777fbd5150"},"level":"info","message":"Post created successfully","service":"post-service","timestamp":"2025-10-11T19:18:21.211Z"}
{"level":"info","message":"[Oct 12, 2025, 12:48 AM]: Received GET request at /api/posts/posts","service":"post-service","timestamp":"2025-10-11T19:18:23.914Z"}
{"level":"info","message":"Request Body: [object Object]","service":"post-service","timestamp":"2025-10-11T19:18:23.915Z"}
{"level":"info","message":"GET_ALL_POST_CONTROLLER: endpoint reached","service":"post-service","timestamp":"2025-10-11T19:18:23.915Z"}
{"level":"error","message":"GET_ALL_POST_ERROR:  Schema hasn't been registered for model \"Media\".\nUse mongoose.model(name, schema)","service":"post-service","stack":"MissingSchemaError: Schema hasn't been registered for model \"Media\".\nUse mongoose.model(name, schema)\n    at NativeConnection.model (/home/ritochit-ghosh/rito_/Learn/nodejs/level-two/04_microservice_project/post-service/node_modules/mongoose/lib/connection.js:1493:13)\n    at _getModelFromConn (/home/ritochit-ghosh/rito_/Learn/nodejs/level-two/04_microservice_project/post-service/node_modules/mongoose/lib/helpers/populate/getModelsMapForPopulate.js:579:15)\n    at addModelNamesToMap (/home/ritochit-ghosh/rito_/Learn/nodejs/level-two/04_microservice_project/post-service/node_modules/mongoose/lib/helpers/populate/getModelsMapForPopulate.js:507:17)\n    at getModelsMapForPopulate (/home/ritochit-ghosh/rito_/Learn/nodejs/level-two/04_microservice_project/post-service/node_modules/mongoose/lib/helpers/populate/getModelsMapForPopulate.js:208:7)\n    at _populatePath (/home/ritochit-ghosh/rito_/Learn/nodejs/level-two/04_microservice_project/post-service/node_modules/mongoose/lib/model.js:4471:21)\n    at Function.populate (/home/ritochit-ghosh/rito_/Learn/nodejs/level-two/04_microservice_project/post-service/node_modules/mongoose/lib/model.js:4438:21)\n    at model.Query._find (/home/ritochit-ghosh/rito_/Learn/nodejs/level-two/04_microservice_project/post-service/node_modules/mongoose/lib/query.js:2456:20)\n    at process.processTicksAndRejections (node:internal/process/task_queues:105:5)\n    at async model.Query.exec (/home/ritochit-ghosh/rito_/Learn/nodejs/level-two/04_microservice_project/post-service/node_modules/mongoose/lib/query.js:4627:63)\n    at async getAllPosts (/home/ritochit-ghosh/rito_/Learn/nodejs/level-two/04_microservice_project/post-service/src/controllers/post-controller.js:75:23)","timestamp":"2025-10-11T19:18:23.967Z"}
{"level":"info","message":"Post Service running on port 3002","service":"post-service","timestamp":"2025-10-11T19:20:48.283Z"}
{"level":"info","message":"MongoDB connected successfully","service":"post-service","timestamp":"2025-10-11T19:20:48.778Z"}
{"level":"info","message":"[Oct 12, 2025, 12:50 AM]: Received GET request at /api/posts/posts","service":"post-service","timestamp":"2025-10-11T19:20:52.580Z"}
{"level":"info","message":"Request Body: [object Object]","service":"post-service","timestamp":"2025-10-11T19:20:52.580Z"}
{"level":"info","message":"GET_ALL_POST_CONTROLLER: endpoint reached","service":"post-service","timestamp":"2025-10-11T19:20:52.581Z"}
{"level":"error","message":"GET_ALL_POST_ERROR:  Schema hasn't been registered for model \"Media\".\nUse mongoose.model(name, schema)","service":"post-service","stack":"MissingSchemaError: Schema hasn't been registered for model \"Media\".\nUse mongoose.model(name, schema)\n    at NativeConnection.model (/home/ritochit-ghosh/rito_/Learn/nodejs/level-two/04_microservice_project/post-service/node_modules/mongoose/lib/connection.js:1493:13)\n    at _getModelFromConn (/home/ritochit-ghosh/rito_/Learn/nodejs/level-two/04_microservice_project/post-service/node_modules/mongoose/lib/helpers/populate/getModelsMapForPopulate.js:579:15)\n    at addModelNamesToMap (/home/ritochit-ghosh/rito_/Learn/nodejs/level-two/04_microservice_project/post-service/node_modules/mongoose/lib/helpers/populate/getModelsMapForPopulate.js:507:17)\n    at getModelsMapForPopulate (/home/ritochit-ghosh/rito_/Learn/nodejs/level-two/04_microservice_project/post-service/node_modules/mongoose/lib/helpers/populate/getModelsMapForPopulate.js:208:7)\n    at _populatePath (/home/ritochit-ghosh/rito_/Learn/nodejs/level-two/04_microservice_project/post-service/node_modules/mongoose/lib/model.js:4471:21)\n    at Function.populate (/home/ritochit-ghosh/rito_/Learn/nodejs/level-two/04_microservice_project/post-service/node_modules/mongoose/lib/model.js:4438:21)\n    at model.Query._find (/home/ritochit-ghosh/rito_/Learn/nodejs/level-two/04_microservice_project/post-service/node_modules/mongoose/lib/query.js:2456:20)\n    at process.processTicksAndRejections (node:internal/process/task_queues:105:5)\n    at async model.Query.exec (/home/ritochit-ghosh/rito_/Learn/nodejs/level-two/04_microservice_project/post-service/node_modules/mongoose/lib/query.js:4627:63)\n    at async getAllPosts (/home/ritochit-ghosh/rito_/Learn/nodejs/level-two/04_microservice_project/post-service/src/controllers/post-controller.js:75:23)","timestamp":"2025-10-11T19:20:52.640Z"}
{"level":"info","message":"[Oct 12, 2025, 12:51 AM]: Received POST request at /api/posts/create-post","service":"post-service","timestamp":"2025-10-11T19:21:15.820Z"}
{"level":"info","message":"Request Body: [object Object]","service":"post-service","timestamp":"2025-10-11T19:21:15.820Z"}
{"level":"info","message":"CREATE_POST_CONTROLLER: endpoint reached","service":"post-service","timestamp":"2025-10-11T19:21:15.823Z"}
{"$__":{"$versionError":null,"activePaths":{"paths":{"content":"require","user":"require"},"states":{"default":{},"modify":{},"require":{"content":true,"user":true}}},"backup":{"activePaths":{"default":{"_id":true,"createdAt":true},"modify":{"content":true,"mediaIds":true,"updatedAt":true,"user":true}},"validationError":null},"cachedRequired":{},"inserting":true,"op":null,"pathsToScopes":{"mediaIds":{"__v":0,"_id":"68eaae2b3e2c45682f8a0f52","content":"Another post to invalidate cache","createdAt":"2025-10-11T19:20:48.227Z","mediaIds":["68eaa7a4362b96653b4ca507"],"updatedAt":"2025-10-11T19:20:48.227Z","user":"68e9f8eb06bd9d777fbd5150"}},"saveOptions":null,"savedState":{},"saving":null,"validating":null},"$isNew":false,"_doc":{"__v":0,"_id":"68eaae2b3e2c45682f8a0f52","content":"Another post to invalidate cache","createdAt":"2025-10-11T19:20:48.227Z","mediaIds":["68eaa7a4362b96653b4ca507"],"updatedAt":"2025-10-11T19:20:48.227Z","user":"68e9f8eb06bd9d777fbd5150"},"level":"info","message":"Post created successfully","service":"post-service","timestamp":"2025-10-11T19:21:15.881Z"}
{"level":"info","message":"[Oct 12, 2025, 12:51 AM]: Received GET request at /api/posts/posts","service":"post-service","timestamp":"2025-10-11T19:21:20.129Z"}
{"level":"info","message":"Request Body: [object Object]","service":"post-service","timestamp":"2025-10-11T19:21:20.129Z"}
{"level":"info","message":"GET_ALL_POST_CONTROLLER: endpoint reached","service":"post-service","timestamp":"2025-10-11T19:21:20.129Z"}
{"level":"error","message":"GET_ALL_POST_ERROR:  Schema hasn't been registered for model \"Media\".\nUse mongoose.model(name, schema)","service":"post-service","stack":"MissingSchemaError: Schema hasn't been registered for model \"Media\".\nUse mongoose.model(name, schema)\n    at NativeConnection.model (/home/ritochit-ghosh/rito_/Learn/nodejs/level-two/04_microservice_project/post-service/node_modules/mongoose/lib/connection.js:1493:13)\n    at _getModelFromConn (/home/ritochit-ghosh/rito_/Learn/nodejs/level-two/04_microservice_project/post-service/node_modules/mongoose/lib/helpers/populate/getModelsMapForPopulate.js:579:15)\n    at addModelNamesToMap (/home/ritochit-ghosh/rito_/Learn/nodejs/level-two/04_microservice_project/post-service/node_modules/mongoose/lib/helpers/populate/getModelsMapForPopulate.js:507:17)\n    at getModelsMapForPopulate (/home/ritochit-ghosh/rito_/Learn/nodejs/level-two/04_microservice_project/post-service/node_modules/mongoose/lib/helpers/populate/getModelsMapForPopulate.js:208:7)\n    at _populatePath (/home/ritochit-ghosh/rito_/Learn/nodejs/level-two/04_microservice_project/post-service/node_modules/mongoose/lib/model.js:4471:21)\n    at Function.populate (/home/ritochit-ghosh/rito_/Learn/nodejs/level-two/04_microservice_project/post-service/node_modules/mongoose/lib/model.js:4438:21)\n    at model.Query._find (/home/ritochit-ghosh/rito_/Learn/nodejs/level-two/04_microservice_project/post-service/node_modules/mongoose/lib/query.js:2456:20)\n    at process.processTicksAndRejections (node:internal/process/task_queues:105:5)\n    at async model.Query.exec (/home/ritochit-ghosh/rito_/Learn/nodejs/level-two/04_microservice_project/post-service/node_modules/mongoose/lib/query.js:4627:63)\n    at async getAllPosts (/home/ritochit-ghosh/rito_/Learn/nodejs/level-two/04_microservice_project/post-service/src/controllers/post-controller.js:75:23)","timestamp":"2025-10-11T19:21:20.174Z"}
{"level":"info","message":"Post Service running on port 3002","service":"post-service","timestamp":"2025-10-11T19:23:34.071Z"}
{"level":"info","message":"MongoDB connected successfully","service":"post-service","timestamp":"2025-10-11T19:23:34.560Z"}
{"level":"info","message":"Post Service running on port 3002","service":"post-service","timestamp":"2025-10-11T19:23:54.775Z"}
{"level":"info","message":"MongoDB connected successfully","service":"post-service","timestamp":"2025-10-11T19:23:55.261Z"}
{"level":"info","message":"[Oct 12, 2025, 12:54 AM]: Received GET request at /api/posts/posts","service":"post-service","timestamp":"2025-10-11T19:24:08.617Z"}
{"level":"info","message":"Request Body: [object Object]","service":"post-service","timestamp":"2025-10-11T19:24:08.618Z"}
{"level":"info","message":"GET_ALL_POST_CONTROLLER: endpoint reached","service":"post-service","timestamp":"2025-10-11T19:24:08.618Z"}
{"level":"info","message":"Cache set for key: posts:1:10","service":"post-service","timestamp":"2025-10-11T19:24:08.771Z"}
{"level":"info","message":"[Oct 12, 2025, 12:54 AM]: Received GET request at /api/posts/posts","service":"post-service","timestamp":"2025-10-11T19:24:25.710Z"}
{"level":"info","message":"Request Body: [object Object]","service":"post-service","timestamp":"2025-10-11T19:24:25.710Z"}
{"level":"info","message":"GET_ALL_POST_CONTROLLER: endpoint reached","service":"post-service","timestamp":"2025-10-11T19:24:25.711Z"}
{"level":"info","message":"Cache hit for key: posts:1:10","service":"post-service","timestamp":"2025-10-11T19:24:25.711Z"}
{"level":"info","message":"Post Service running on port 3002","service":"post-service","timestamp":"2025-10-11T19:25:51.222Z"}
{"level":"info","message":"MongoDB connected successfully","service":"post-service","timestamp":"2025-10-11T19:25:51.744Z"}
{"level":"info","message":"[Oct 12, 2025, 12:56 AM]: Received GET request at /api/posts/68eaa8f3d370dcc07fe4c119","service":"post-service","timestamp":"2025-10-11T19:26:23.952Z"}
{"level":"info","message":"Request Body: [object Object]","service":"post-service","timestamp":"2025-10-11T19:26:23.953Z"}
{"level":"info","message":"GET_POST_CONTROLLER: endpoint reached","service":"post-service","timestamp":"2025-10-11T19:26:23.955Z"}
{"level":"info","message":"Cache set for key: post:68eaa8f3d370dcc07fe4c119","service":"post-service","timestamp":"2025-10-11T19:26:24.066Z"}
{"level":"info","message":"Post Service running on port 3002","service":"post-service","timestamp":"2025-10-11T19:29:32.394Z"}
{"level":"info","message":"MongoDB connected successfully","service":"post-service","timestamp":"2025-10-11T19:29:32.893Z"}
{"level":"info","message":"Post Service running on port 3002","service":"post-service","timestamp":"2025-10-11T19:30:07.649Z"}
{"level":"info","message":"MongoDB connected successfully","service":"post-service","timestamp":"2025-10-11T19:30:09.122Z"}
{"level":"info","message":"[Oct 12, 2025, 1:00 AM]: Received DELETE request at /api/posts/68eaae2b3e2c45682f8a0f52","service":"post-service","timestamp":"2025-10-11T19:30:44.155Z"}
{"level":"info","message":"Request Body: [object Object]","service":"post-service","timestamp":"2025-10-11T19:30:44.155Z"}
{"level":"info","message":"Deleted media j7xiswykorygmqfiegao from MongoDB","service":"post-service","timestamp":"2025-10-11T19:30:44.305Z"}
{"level":"info","message":"Cache removed for key: post:68eaae2b3e2c45682f8a0f52","service":"post-service","timestamp":"2025-10-11T19:30:44.307Z"}
{"level":"info","message":"[Oct 12, 2025, 1:02 AM]: Received POST request at /api/posts/create-post","service":"post-service","timestamp":"2025-10-11T19:32:22.750Z"}
{"level":"info","message":"Request Body: [object Object]","service":"post-service","timestamp":"2025-10-11T19:32:22.750Z"}
{"level":"info","message":"CREATE_POST_CONTROLLER: endpoint reached","service":"post-service","timestamp":"2025-10-11T19:32:22.753Z"}
{"$__":{"$versionError":null,"activePaths":{"paths":{"content":"require","user":"require"},"states":{"default":{},"modify":{},"require":{"content":true,"user":true}}},"backup":{"activePaths":{"default":{"_id":true,"createdAt":true},"modify":{"content":true,"mediaIds":true,"updatedAt":true,"user":true}},"validationError":null},"cachedRequired":{},"inserting":true,"op":null,"pathsToScopes":{"mediaIds":{"__v":0,"_id":"68eab0c68805f2e985c149f8","content":"New Post to test if all endpoints are hitting correctly","createdAt":"2025-10-11T19:30:07.593Z","mediaIds":["68eab09d31b66b03e3ce678f"],"updatedAt":"2025-10-11T19:30:07.593Z","user":"68e9f8eb06bd9d777fbd5150"}},"saveOptions":null,"savedState":{},"saving":null,"validating":null},"$isNew":false,"_doc":{"__v":0,"_id":"68eab0c68805f2e985c149f8","content":"New Post to test if all endpoints are hitting correctly","createdAt":"2025-10-11T19:30:07.593Z","mediaIds":["68eab09d31b66b03e3ce678f"],"updatedAt":"2025-10-11T19:30:07.593Z","user":"68e9f8eb06bd9d777fbd5150"},"level":"info","message":"Post created successfully","service":"post-service","timestamp":"2025-10-11T19:32:22.818Z"}
{"level":"info","message":"[Oct 12, 2025, 1:02 AM]: Received GET request at /api/posts/posts","service":"post-service","timestamp":"2025-10-11T19:32:27.603Z"}
{"level":"info","message":"Request Body: [object Object]","service":"post-service","timestamp":"2025-10-11T19:32:27.603Z"}
{"level":"info","message":"GET_ALL_POST_CONTROLLER: endpoint reached","service":"post-service","timestamp":"2025-10-11T19:32:27.604Z"}
{"level":"info","message":"Cache set for key: posts:1:10","service":"post-service","timestamp":"2025-10-11T19:32:27.753Z"}
{"level":"info","message":"[Oct 12, 2025, 1:02 AM]: Received GET request at /api/posts/68eab0c68805f2e985c149f8","service":"post-service","timestamp":"2025-10-11T19:32:42.862Z"}
{"level":"info","message":"Request Body: [object Object]","service":"post-service","timestamp":"2025-10-11T19:32:42.863Z"}
{"level":"info","message":"GET_POST_CONTROLLER: endpoint reached","service":"post-service","timestamp":"2025-10-11T19:32:42.863Z"}
{"level":"info","message":"Cache set for key: post:68eab0c68805f2e985c149f8","service":"post-service","timestamp":"2025-10-11T19:32:42.953Z"}
{"level":"info","message":"Post Service running on port 3002","service":"post-service","timestamp":"2025-10-11T19:51:27.791Z"}
{"level":"info","message":"MongoDB connected successfully","service":"post-service","timestamp":"2025-10-11T19:51:28.299Z"}
{"level":"info","message":"Post Service running on port 3002","service":"post-service","timestamp":"2025-10-11T19:53:30.635Z"}
{"level":"info","message":"MongoDB connected successfully","service":"post-service","timestamp":"2025-10-11T19:53:31.122Z"}
{"level":"info","message":"Post Service running on port 3002","service":"post-service","timestamp":"2025-10-11T19:55:08.171Z"}
{"level":"info","message":"MongoDB connected successfully","service":"post-service","timestamp":"2025-10-11T19:55:08.663Z"}
{"level":"info","message":"Post Service running on port 3002","service":"post-service","timestamp":"2025-10-11T20:00:24.388Z"}
{"level":"info","message":"MongoDB connected successfully","service":"post-service","timestamp":"2025-10-11T20:00:24.869Z"}
{"level":"info","message":"Post Service running on port 3002","service":"post-service","timestamp":"2025-10-11T20:00:34.730Z"}
{"level":"info","message":"MongoDB connected successfully","service":"post-service","timestamp":"2025-10-11T20:00:35.249Z"}
{"level":"info","message":"Connected to rabbitMQ","service":"post-service","timestamp":"2025-10-11T20:03:04.092Z"}
{"level":"info","message":"Post Service running on port 3002","service":"post-service","timestamp":"2025-10-11T20:03:04.096Z"}
{"level":"info","message":"MongoDB connected successfully","service":"post-service","timestamp":"2025-10-11T20:03:04.471Z"}
{"level":"info","message":"Connected to rabbitMQ","service":"post-service","timestamp":"2025-10-11T20:22:45.723Z"}
{"level":"info","message":"Post Service running on port 3002","service":"post-service","timestamp":"2025-10-11T20:22:45.726Z"}
{"level":"info","message":"MongoDB connected successfully","service":"post-service","timestamp":"2025-10-11T20:22:46.173Z"}
{"level":"info","message":"Connected to rabbitMQ","service":"post-service","timestamp":"2025-10-11T20:25:25.783Z"}
{"level":"info","message":"Post Service running on port 3002","service":"post-service","timestamp":"2025-10-11T20:25:25.787Z"}
{"level":"info","message":"MongoDB connected successfully","service":"post-service","timestamp":"2025-10-11T20:25:26.194Z"}
{"level":"info","message":"[Oct 12, 2025, 2:16 AM]: Received POST request at /api/posts/create-post","service":"post-service","timestamp":"2025-10-11T20:46:51.759Z"}
{"level":"info","message":"Request Body: [object Object]","service":"post-service","timestamp":"2025-10-11T20:46:51.759Z"}
{"level":"info","message":"CREATE_POST_CONTROLLER: endpoint reached","service":"post-service","timestamp":"2025-10-11T20:46:51.763Z"}
{"$__":{"$versionError":null,"activePaths":{"paths":{"content":"require","user":"require"},"states":{"default":{},"modify":{},"require":{"content":true,"user":true}}},"backup":{"activePaths":{"default":{"_id":true,"createdAt":true},"modify":{"content":true,"mediaIds":true,"updatedAt":true,"user":true}},"validationError":null},"cachedRequired":{},"inserting":true,"op":null,"pathsToScopes":{"mediaIds":{"__v":0,"_id":"68eac23b35d8620760b1c864","content":"Will test rabbitMQ event-driven architecture","createdAt":"2025-10-11T20:25:25.642Z","mediaIds":["68eabb895ece5c97ec196024"],"updatedAt":"2025-10-11T20:25:25.642Z","user":"68e9f8eb06bd9d777fbd5150"}},"saveOptions":null,"savedState":{},"saving":null,"validating":null},"$isNew":false,"_doc":{"__v":0,"_id":"68eac23b35d8620760b1c864","content":"Will test rabbitMQ event-driven architecture","createdAt":"2025-10-11T20:25:25.642Z","mediaIds":["68eabb895ece5c97ec196024"],"updatedAt":"2025-10-11T20:25:25.642Z","user":"68e9f8eb06bd9d777fbd5150"},"level":"info","message":"Post created successfully","service":"post-service","timestamp":"2025-10-11T20:46:51.838Z"}
{"level":"info","message":"[Oct 12, 2025, 2:17 AM]: Received GET request at /api/posts/posts","service":"post-service","timestamp":"2025-10-11T20:47:00.107Z"}
{"level":"info","message":"Request Body: [object Object]","service":"post-service","timestamp":"2025-10-11T20:47:00.108Z"}
{"level":"info","message":"GET_ALL_POST_CONTROLLER: endpoint reached","service":"post-service","timestamp":"2025-10-11T20:47:00.109Z"}
{"level":"info","message":"Cache set for key: posts:1:10","service":"post-service","timestamp":"2025-10-11T20:47:00.265Z"}
{"level":"info","message":"[Oct 12, 2025, 2:19 AM]: Received DELETE request at /api/posts/68eac23b35d8620760b1c864","service":"post-service","timestamp":"2025-10-11T20:49:49.238Z"}
{"level":"info","message":"Request Body: [object Object]","service":"post-service","timestamp":"2025-10-11T20:49:49.239Z"}
{"level":"info","message":"Event published: post.deleted","service":"post-service","timestamp":"2025-10-11T20:49:49.294Z"}
{"level":"info","message":"Cache removed for key: post:68eac23b35d8620760b1c864","service":"post-service","timestamp":"2025-10-11T20:49:49.296Z"}
{"level":"info","message":"Connected to rabbitMQ","service":"post-service","timestamp":"2025-10-26T14:16:41.999Z"}
{"level":"info","message":"Post Service running on port 3002","service":"post-service","timestamp":"2025-10-26T14:16:42.005Z"}
{"level":"info","message":"MongoDB connected successfully","service":"post-service","timestamp":"2025-10-26T14:16:42.426Z"}
{"level":"info","message":"Connected to rabbitMQ","service":"post-service","timestamp":"2025-10-26T15:08:16.090Z"}
{"level":"info","message":"Post Service running on port 3002","service":"post-service","timestamp":"2025-10-26T15:08:16.093Z"}
{"level":"info","message":"MongoDB connected successfully","service":"post-service","timestamp":"2025-10-26T15:08:16.614Z"}
{"level":"info","message":"Connected to rabbitMQ","service":"post-service","timestamp":"2025-10-26T15:10:28.917Z"}
{"level":"info","message":"Post Service running on port 3002","service":"post-service","timestamp":"2025-10-26T15:10:28.920Z"}
{"level":"info","message":"MongoDB connected successfully","service":"post-service","timestamp":"2025-10-26T15:10:29.364Z"}
{"level":"info","message":"Connected to rabbitMQ","service":"post-service","timestamp":"2025-10-26T15:11:06.601Z"}
{"level":"info","message":"Post Service running on port 3002","service":"post-service","timestamp":"2025-10-26T15:11:06.603Z"}
{"level":"info","message":"MongoDB connected successfully","service":"post-service","timestamp":"2025-10-26T15:11:07.249Z"}
{"level":"info","message":"Connected to rabbitMQ","service":"post-service","timestamp":"2025-10-26T15:15:26.475Z"}
{"level":"info","message":"Post Service running on port 3002","service":"post-service","timestamp":"2025-10-26T15:15:26.478Z"}
{"level":"info","message":"MongoDB connected successfully","service":"post-service","timestamp":"2025-10-26T15:15:27.936Z"}
{"level":"info","message":"Connected to rabbitMQ","service":"post-service","timestamp":"2025-10-26T15:18:49.304Z"}
{"level":"info","message":"Post Service running on port 3002","service":"post-service","timestamp":"2025-10-26T15:18:49.307Z"}
{"level":"info","message":"MongoDB connected successfully","service":"post-service","timestamp":"2025-10-26T15:18:50.209Z"}
{"level":"info","message":"Connected to rabbitMQ","service":"post-service","timestamp":"2025-10-26T15:22:24.148Z"}
{"level":"info","message":"Post Service running on port 3002","service":"post-service","timestamp":"2025-10-26T15:22:24.151Z"}
{"level":"info","message":"MongoDB connected successfully","service":"post-service","timestamp":"2025-10-26T15:22:24.781Z"}
{"level":"info","message":"Connected to rabbitMQ","service":"post-service","timestamp":"2025-10-26T15:26:07.385Z"}
{"level":"info","message":"Post Service running on port 3002","service":"post-service","timestamp":"2025-10-26T15:26:07.389Z"}
{"level":"info","message":"MongoDB connected successfully","service":"post-service","timestamp":"2025-10-26T15:26:09.095Z"}
{"level":"info","message":"Connected to rabbitMQ","service":"post-service","timestamp":"2025-10-26T15:26:16.881Z"}
{"level":"info","message":"Post Service running on port 3002","service":"post-service","timestamp":"2025-10-26T15:26:16.883Z"}
{"level":"info","message":"MongoDB connected successfully","service":"post-service","timestamp":"2025-10-26T15:26:17.291Z"}
{"level":"info","message":"Connected to rabbitMQ","service":"post-service","timestamp":"2025-10-26T15:26:24.547Z"}
{"level":"info","message":"Post Service running on port 3002","service":"post-service","timestamp":"2025-10-26T15:26:24.550Z"}
{"level":"info","message":"MongoDB connected successfully","service":"post-service","timestamp":"2025-10-26T15:26:24.949Z"}
